2025-06-18 08:28:43,504 [INFO] Activator:176 - 


2025-06-18 08:28:43,510 [INFO] Activator:177 - !SESSION log4j initialized
2025-06-18 08:28:49,252 [INFO] LogOutputStream:77 - [STDOUT_REDIRECT] 
2025-06-18 08:28:49,600 [ERROR] LogOutputStream:75 - [STDERR_REDIRECT] 
2025-06-18 08:28:51,355 [INFO] LogOutputStream:77 - [STDOUT_REDIRECT] 
2025-06-18 08:28:53,029 [ERROR] ConfigurationRetriever:142 - IOException on connection: PKIX path validation failed: java.security.cert.CertPathValidatorException: validity check failed
2025-06-18 08:28:53,162 [ERROR] ConfigurationRetriever:142 - IOException on connection: PKIX path validation failed: java.security.cert.CertPathValidatorException: validity check failed
2025-06-18 08:28:53,187 [INFO] ApplicationProperties:184 - Using Application install path: /Applications/STM32CubeIDE.app/Contents/Eclipse/plugins/com.st.stm32cube.common.mx_6.14.0.202502271554
2025-06-18 08:28:53,205 [INFO] DbMcusXml:78 - Set database path to: /Applications/STM32CubeIDE.app/Contents/Eclipse/plugins/com.st.stm32cube.common.mx_6.14.0.202502271554//db//mcu/
2025-06-18 08:28:53,205 [INFO] ApiDb:274 - Set plugin database path to: /Applications/STM32CubeIDE.app/Contents/Eclipse/plugins/com.st.stm32cube.common.mx_6.14.0.202502271554//db//plugins/boardmanager/
2025-06-18 08:28:53,206 [WARN] ApiDb:259 - Overriding images path with different value:  => /Applications/STM32CubeIDE.app/Contents/Eclipse/plugins/com.st.stm32cube.common.mx_6.14.0.202502271554//db//plugins/mcufinder/images/
2025-06-18 08:28:53,215 [INFO] ApiDb:250 - Set database path to: /Users/mathisvalencia/.stmcufinder/plugins/mcufinder//mcu/
2025-06-18 08:28:53,216 [INFO] DbMcusAds:125 - Set database path to: /Users/mathisvalencia/.stmcufinder/plugins/mcufinder//mcu/
2025-06-18 08:28:53,218 [INFO] CrossReferenceDbSqlite:203 - Set database path to: /Users/mathisvalencia/.stmcufinder/plugins/mcufinder//mcu/cs/
2025-06-18 08:28:53,322 [ERROR] ConfigurationRetriever:142 - IOException on connection: PKIX path validation failed: java.security.cert.CertPathValidatorException: validity check failed
2025-06-18 08:28:53,378 [INFO] RulesReader:64 - Compatibility file has been processed (301 Rules)
2025-06-18 08:28:53,462 [INFO] DbMcusXml:78 - Set database path to: /Applications/STM32CubeIDE.app/Contents/Eclipse/plugins/com.st.stm32cube.common.mx_6.14.0.202502271554//db//mcu/
2025-06-18 08:28:53,463 [INFO] ApiDb:274 - Set plugin database path to: /Applications/STM32CubeIDE.app/Contents/Eclipse/plugins/com.st.stm32cube.common.mx_6.14.0.202502271554//db//plugins/boardmanager/
2025-06-18 08:28:53,463 [INFO] ApiDb:261 - Set plugin images path to: /Applications/STM32CubeIDE.app/Contents/Eclipse/plugins/com.st.stm32cube.common.mx_6.14.0.202502271554//db//plugins/mcufinder/images/
2025-06-18 08:28:53,463 [WARN] DbFile:41 - Overriding database path with different value: /Users/mathisvalencia/.stmcufinder/plugins/mcufinder/ => /Users/mathisvalencia/.stmcufinder/plugins/mcufinder
2025-06-18 08:28:53,463 [INFO] ApiDb:250 - Set database path to: /Users/mathisvalencia/.stmcufinder/plugins/mcufinder//mcu/
2025-06-18 08:28:53,463 [WARN] DbFile:41 - Overriding database path with different value: /Users/mathisvalencia/.stmcufinder/plugins/mcufinder/ => /Users/mathisvalencia/.stmcufinder/plugins/mcufinder
2025-06-18 08:28:53,463 [INFO] DbMcusAds:125 - Set database path to: /Users/mathisvalencia/.stmcufinder/plugins/mcufinder//mcu/
2025-06-18 08:28:53,463 [WARN] DbFile:41 - Overriding database path with different value: /Users/mathisvalencia/.stmcufinder/plugins/mcufinder/ => /Users/mathisvalencia/.stmcufinder/plugins/mcufinder
2025-06-18 08:28:53,463 [WARN] DbFile:41 - Overriding database path with different value: /Users/mathisvalencia/.stmcufinder/plugins/mcufinder/ => /Users/mathisvalencia/.stmcufinder/plugins/mcufinder
2025-06-18 08:28:53,463 [INFO] CrossReferenceDbSqlite:203 - Set database path to: /Users/mathisvalencia/.stmcufinder/plugins/mcufinder//mcu/cs/
2025-06-18 08:28:53,539 [INFO] MainPanel:272 - HeapMemory: 268435456
2025-06-18 08:28:53,921 [INFO] DbMcusXml:78 - Set database path to: /Applications/STM32CubeIDE.app/Contents/Eclipse/plugins/com.st.stm32cube.common.mx_6.14.0.202502271554//db//mcu/
2025-06-18 08:28:53,921 [INFO] ApiDb:274 - Set plugin database path to: /Applications/STM32CubeIDE.app/Contents/Eclipse/plugins/com.st.stm32cube.common.mx_6.14.0.202502271554//db//plugins/boardmanager/
2025-06-18 08:28:53,921 [INFO] ApiDb:261 - Set plugin images path to: /Applications/STM32CubeIDE.app/Contents/Eclipse/plugins/com.st.stm32cube.common.mx_6.14.0.202502271554//db//plugins/mcufinder/images/
2025-06-18 08:28:53,921 [WARN] DbFile:41 - Overriding database path with different value: /Users/mathisvalencia/.stmcufinder/plugins/mcufinder/ => /Users/mathisvalencia/.stmcufinder/plugins/mcufinder
2025-06-18 08:28:53,921 [INFO] ApiDb:250 - Set database path to: /Users/mathisvalencia/.stmcufinder/plugins/mcufinder//mcu/
2025-06-18 08:28:53,921 [WARN] DbFile:41 - Overriding database path with different value: /Users/mathisvalencia/.stmcufinder/plugins/mcufinder/ => /Users/mathisvalencia/.stmcufinder/plugins/mcufinder
2025-06-18 08:28:53,921 [INFO] DbMcusAds:125 - Set database path to: /Users/mathisvalencia/.stmcufinder/plugins/mcufinder//mcu/
2025-06-18 08:28:53,921 [WARN] DbFile:41 - Overriding database path with different value: /Users/mathisvalencia/.stmcufinder/plugins/mcufinder/ => /Users/mathisvalencia/.stmcufinder/plugins/mcufinder
2025-06-18 08:28:53,921 [WARN] DbFile:41 - Overriding database path with different value: /Users/mathisvalencia/.stmcufinder/plugins/mcufinder/ => /Users/mathisvalencia/.stmcufinder/plugins/mcufinder
2025-06-18 08:28:53,921 [INFO] CrossReferenceDbSqlite:203 - Set database path to: /Users/mathisvalencia/.stmcufinder/plugins/mcufinder//mcu/cs/
2025-06-18 08:28:53,943 [INFO] ApplicationProperties:184 - Using Application install path: /Applications/STM32CubeIDE.app/Contents/Eclipse/plugins/com.st.stm32cube.common.mx_6.14.0.202502271554
2025-06-18 08:28:53,945 [INFO] PluginManage:196 - Search for loadable plugins [exclusion list=, ]
2025-06-18 08:28:53,947 [INFO] PluginManage:310 - Check plugin analytics
2025-06-18 08:28:54,196 [INFO] AnalyticsPlugin:253 - Accepted Software Licenses: 
2025-06-18 08:28:54,197 [INFO] AnalyticsPlugin:255 - Accepted CMSIS Pack Licenses: STMicroelectronics.X-CUBE-MEMS1.9.1.0,STMicroelectronics.X-CUBE-MEMS1.8.2.0,STMicroelectronics.X-CUBE-MEMS1.11.3.0,STMicroelectronics.X-CUBE-MEMS1.11.2.0,STMicroelectronics.X-CUBE-DISPLAY.3.0.0,STMicroelectronics.X-CUBE-FREERTOS.1.3.0
2025-06-18 08:28:54,197 [INFO] AnalyticsPlugin:257 - Accepted Firmware Licenses: 
2025-06-18 08:28:54,207 [INFO] PluginManage:359 - Loaded plugin analytics (category:tool,tabindex:-1)
2025-06-18 08:28:54,209 [INFO] PluginManage:310 - Check plugin cadmodel
2025-06-18 08:28:54,225 [INFO] CADModel:105 - Init CAD model plugin
2025-06-18 08:28:54,226 [INFO] PluginManage:359 - Loaded plugin cadmodel (category:power,tabindex:5)
2025-06-18 08:28:54,226 [INFO] PluginManage:310 - Check plugin clock
2025-06-18 08:28:54,240 [INFO] PluginManage:359 - Loaded plugin clock (category:base,tabindex:2)
2025-06-18 08:28:54,240 [INFO] PluginManage:310 - Check plugin ddr
2025-06-18 08:28:54,242 [INFO] PluginManage:359 - Loaded plugin ddr (category:tool,tabindex:6)
2025-06-18 08:28:54,243 [INFO] PluginManage:310 - Check plugin filemanager
2025-06-18 08:28:54,253 [ERROR] ConfigurationRetriever:142 - IOException on connection: PKIX path validation failed: java.security.cert.CertPathValidatorException: validity check failed
2025-06-18 08:28:54,272 [ERROR] ConfigurationRetriever:142 - IOException on connection: PKIX path validation failed: java.security.cert.CertPathValidatorException: validity check failed
2025-06-18 08:28:54,301 [ERROR] ConfigurationRetriever:142 - IOException on connection: PKIX path validation failed: java.security.cert.CertPathValidatorException: validity check failed
2025-06-18 08:28:54,400 [INFO] PluginManage:359 - Loaded plugin filemanager (category:base,tabindex:10)
2025-06-18 08:28:54,401 [INFO] PluginManage:310 - Check plugin ipmanager
2025-06-18 08:28:54,407 [INFO] PluginManage:359 - Loaded plugin ipmanager (category:base,tabindex:5)
2025-06-18 08:28:54,407 [INFO] PluginManage:310 - Check plugin lpbam
2025-06-18 08:28:54,415 [INFO] PluginManage:359 - Loaded plugin lpbam (category:base,tabindex:0)
2025-06-18 08:28:54,415 [INFO] PluginManage:310 - Check plugin memorymap
2025-06-18 08:28:54,425 [INFO] PluginManage:359 - Loaded plugin memorymap (category:base,tabindex:4)
2025-06-18 08:28:54,425 [INFO] PluginManage:310 - Check plugin pinoutandconfiguration
2025-06-18 08:28:54,433 [INFO] PluginManage:359 - Loaded plugin pinoutandconfiguration (category:base,tabindex:1)
2025-06-18 08:28:54,433 [INFO] PluginManage:310 - Check plugin pinoutconfig
2025-06-18 08:28:54,520 [WARN] SupportedApi:132 - Cannot load RTOS API schema: s4s-elt-must-match.1: The content of 'definitions' must match (annotation?, (simpleType | complexType)?, (unique | key | keyref)*)). A problem was found starting at: attribute.
2025-06-18 08:28:54,669 [INFO] PluginManage:359 - Loaded plugin pinoutconfig (category:base,tabindex:0)
2025-06-18 08:28:54,669 [INFO] PluginManage:310 - Check plugin power
2025-06-18 08:28:54,680 [INFO] PluginManage:359 - Loaded plugin power (category:power,tabindex:4)
2025-06-18 08:28:54,681 [INFO] PluginManage:310 - Check plugin projectmanager
2025-06-18 08:28:54,714 [INFO] PluginManage:359 - Loaded plugin projectmanager (category:projectmanager,tabindex:4)
2025-06-18 08:28:54,714 [INFO] PluginManage:310 - Check plugin rif
2025-06-18 08:28:54,721 [INFO] PluginManage:359 - Loaded plugin rif (category:base,tabindex:3)
2025-06-18 08:28:54,723 [INFO] PluginManage:310 - Check plugin thirdparty
2025-06-18 08:28:54,890 [INFO] PluginManage:359 - Loaded plugin thirdparty (category:base,tabindex:-1)
2025-06-18 08:28:54,891 [INFO] PluginManage:310 - Check plugin tools
2025-06-18 08:28:54,890 [WARN] IntegrityCheckThread:84 - waiting for thirdparty lock release [integrity check]
2025-06-18 08:28:54,892 [INFO] IntegrityCheckThread:86 - entering critical section [integrity check]
2025-06-18 08:28:54,892 [INFO] ThirdPartyUpdaterWithRetryManager:70 - Updater plugin not ready yet. [1/15]
2025-06-18 08:28:54,893 [INFO] PluginManage:359 - Loaded plugin tools (category:base,tabindex:7)
2025-06-18 08:28:54,893 [INFO] PluginManage:310 - Check plugin tutovideos
2025-06-18 08:28:55,061 [INFO] PluginManage:359 - Loaded plugin tutovideos (category:base,tabindex:-1)
2025-06-18 08:28:55,061 [INFO] PluginManage:310 - Check plugin updater
2025-06-18 08:28:55,092 [INFO] PluginManage:359 - Loaded plugin updater (category:base,tabindex:12)
2025-06-18 08:28:55,092 [INFO] PluginManage:310 - Check plugin userauth
2025-06-18 08:28:55,098 [INFO] UserAuth:118 - Init User Auth plugin
2025-06-18 08:28:55,099 [INFO] PluginManage:359 - Loaded plugin userauth (category:base,tabindex:14)
2025-06-18 08:28:55,101 [INFO] PluginManage:283 - PluginManage : Loaded plugins [18]
2025-06-18 08:28:55,346 [INFO] PinOutPanel:1589 - setPackage(No Configuration,No Configuration)
2025-06-18 08:28:55,429 [INFO] CADModel:165 - CPN selected for project level
2025-06-18 08:28:55,429 [INFO] CADModel:114 - Register for checkConnection events
2025-06-18 08:28:55,440 [INFO] IPUIPlugin:80 - create IPUIPlugin
2025-06-18 08:28:55,441 [INFO] PluginManager:220 - loadIPPluginJar : add mdma
2025-06-18 08:28:55,447 [INFO] IPUIPlugin:80 - create IPUIPlugin
2025-06-18 08:28:55,447 [INFO] PluginManager:220 - loadIPPluginJar : add freertos
2025-06-18 08:28:55,451 [INFO] IPUIPlugin:80 - create IPUIPlugin
2025-06-18 08:28:55,452 [INFO] PluginManager:220 - loadIPPluginJar : add gic
2025-06-18 08:28:55,460 [INFO] IPUIPlugin:80 - create IPUIPlugin
2025-06-18 08:28:55,460 [INFO] PluginManager:220 - loadIPPluginJar : add adc
2025-06-18 08:28:55,463 [INFO] IPUIPlugin:80 - create IPUIPlugin
2025-06-18 08:28:55,463 [INFO] PluginManager:220 - loadIPPluginJar : add gtzc
2025-06-18 08:28:55,467 [INFO] IPUIPlugin:80 - create IPUIPlugin
2025-06-18 08:28:55,467 [INFO] PluginManager:220 - loadIPPluginJar : add quadspi
2025-06-18 08:28:55,469 [INFO] IPUIPlugin:80 - create IPUIPlugin
2025-06-18 08:28:55,469 [INFO] PluginManager:220 - loadIPPluginJar : add aes
2025-06-18 08:28:55,471 [INFO] IPUIPlugin:80 - create IPUIPlugin
2025-06-18 08:28:55,471 [INFO] PluginManager:220 - loadIPPluginJar : add pdm2pcm
2025-06-18 08:28:55,473 [INFO] IPUIPlugin:80 - create IPUIPlugin
2025-06-18 08:28:55,473 [INFO] PluginManager:220 - loadIPPluginJar : add hash
2025-06-18 08:28:55,475 [INFO] IPUIPlugin:80 - create IPUIPlugin
2025-06-18 08:28:55,475 [INFO] PluginManager:220 - loadIPPluginJar : add tim
2025-06-18 08:28:55,477 [INFO] IPUIPlugin:80 - create IPUIPlugin
2025-06-18 08:28:55,477 [INFO] PluginManager:220 - loadIPPluginJar : add tsc
2025-06-18 08:28:55,479 [INFO] IPUIPlugin:80 - create IPUIPlugin
2025-06-18 08:28:55,479 [INFO] PluginManager:220 - loadIPPluginJar : add extmemmanager
2025-06-18 08:28:55,480 [INFO] IPUIPlugin:80 - create IPUIPlugin
2025-06-18 08:28:55,480 [INFO] PluginManager:220 - loadIPPluginJar : add ts
2025-06-18 08:28:55,481 [INFO] IPUIPlugin:80 - create IPUIPlugin
2025-06-18 08:28:55,481 [INFO] PluginManager:220 - loadIPPluginJar : add radio
2025-06-18 08:28:55,483 [INFO] IPUIPlugin:80 - create IPUIPlugin
2025-06-18 08:28:55,483 [INFO] PluginManager:220 - loadIPPluginJar : add can
2025-06-18 08:28:55,485 [INFO] IPUIPlugin:80 - create IPUIPlugin
2025-06-18 08:28:55,485 [INFO] PluginManager:220 - loadIPPluginJar : add dma3
2025-06-18 08:28:55,490 [INFO] IPUIPlugin:80 - create IPUIPlugin
2025-06-18 08:28:55,490 [INFO] PluginManager:220 - loadIPPluginJar : add dfsdm
2025-06-18 08:28:55,492 [INFO] IPUIPlugin:80 - create IPUIPlugin
2025-06-18 08:28:55,492 [INFO] PluginManager:220 - loadIPPluginJar : add spi
2025-06-18 08:28:55,494 [INFO] IPUIPlugin:80 - create IPUIPlugin
2025-06-18 08:28:55,494 [INFO] PluginManager:220 - loadIPPluginJar : add gfxmmu
2025-06-18 08:28:55,495 [INFO] IPUIPlugin:80 - create IPUIPlugin
2025-06-18 08:28:55,495 [INFO] PluginManager:220 - loadIPPluginJar : add genericplugin
2025-06-18 08:28:55,497 [INFO] IPUIPlugin:80 - create IPUIPlugin
2025-06-18 08:28:55,497 [INFO] PluginManager:220 - loadIPPluginJar : add cryp
2025-06-18 08:28:55,501 [INFO] IPUIPlugin:80 - create IPUIPlugin
2025-06-18 08:28:55,501 [INFO] PluginManager:220 - loadIPPluginJar : add gpio
2025-06-18 08:28:55,503 [INFO] IPUIPlugin:80 - create IPUIPlugin
2025-06-18 08:28:55,504 [INFO] PluginManager:220 - loadIPPluginJar : add ddr_ctrl_phy
2025-06-18 08:28:55,507 [INFO] IPUIPlugin:80 - create IPUIPlugin
2025-06-18 08:28:55,507 [INFO] PluginManager:220 - loadIPPluginJar : add comp
2025-06-18 08:28:55,508 [INFO] IPUIPlugin:80 - create IPUIPlugin
2025-06-18 08:28:55,508 [INFO] PluginManager:220 - loadIPPluginJar : add tracer_emb
2025-06-18 08:28:55,510 [INFO] IPUIPlugin:80 - create IPUIPlugin
2025-06-18 08:28:55,510 [INFO] PluginManager:220 - loadIPPluginJar : add openamp
2025-06-18 08:28:55,515 [INFO] IPUIPlugin:80 - create IPUIPlugin
2025-06-18 08:28:55,515 [INFO] PluginManager:220 - loadIPPluginJar : add stm32_wpan
2025-06-18 08:28:55,520 [INFO] IPUIPlugin:80 - create IPUIPlugin
2025-06-18 08:28:55,523 [INFO] PluginManager:220 - loadIPPluginJar : add plateformsettings
2025-06-18 08:28:55,526 [INFO] IPUIPlugin:80 - create IPUIPlugin
2025-06-18 08:28:55,526 [INFO] PluginManager:220 - loadIPPluginJar : add ipddr
2025-06-18 08:28:55,528 [INFO] IPUIPlugin:80 - create IPUIPlugin
2025-06-18 08:28:55,528 [INFO] PluginManager:220 - loadIPPluginJar : add usart
2025-06-18 08:28:55,529 [INFO] IPUIPlugin:80 - create IPUIPlugin
2025-06-18 08:28:55,529 [INFO] PluginManager:220 - loadIPPluginJar : add ltdc
2025-06-18 08:28:55,532 [INFO] IPUIPlugin:80 - create IPUIPlugin
2025-06-18 08:28:55,532 [INFO] PluginManager:220 - loadIPPluginJar : add nvic
2025-06-18 08:28:55,533 [INFO] IPUIPlugin:80 - create IPUIPlugin
2025-06-18 08:28:55,533 [INFO] PluginManager:220 - loadIPPluginJar : add fatfs
2025-06-18 08:28:55,539 [INFO] IPUIPlugin:80 - create IPUIPlugin
2025-06-18 08:28:55,539 [INFO] PluginManager:220 - loadIPPluginJar : add linkedlist
2025-06-18 08:28:55,544 [INFO] IPUIPlugin:80 - create IPUIPlugin
2025-06-18 08:28:55,545 [INFO] PluginManager:220 - loadIPPluginJar : add dma
2025-06-18 08:28:55,548 [INFO] IPUIPlugin:80 - create IPUIPlugin
2025-06-18 08:28:55,548 [INFO] PluginManager:220 - loadIPPluginJar : add fmc
2025-06-18 08:28:55,550 [INFO] IPUIPlugin:80 - create IPUIPlugin
2025-06-18 08:28:55,550 [INFO] PluginManager:220 - loadIPPluginJar : add i2s
2025-06-18 08:28:55,552 [INFO] IPUIPlugin:80 - create IPUIPlugin
2025-06-18 08:28:55,552 [INFO] PluginManager:220 - loadIPPluginJar : add ucpd
2025-06-18 08:28:55,554 [INFO] IPUIPlugin:80 - create IPUIPlugin
2025-06-18 08:28:55,554 [INFO] PluginManager:220 - loadIPPluginJar : add lorawan
2025-06-18 08:28:55,556 [INFO] IPUIPlugin:80 - create IPUIPlugin
2025-06-18 08:28:55,557 [INFO] PluginManager:220 - loadIPPluginJar : add opamp
2025-06-18 08:28:55,560 [INFO] IPUIPlugin:80 - create IPUIPlugin
2025-06-18 08:28:55,561 [INFO] PluginManager:220 - loadIPPluginJar : add i3c
2025-06-18 08:28:55,563 [INFO] IPUIPlugin:80 - create IPUIPlugin
2025-06-18 08:28:55,564 [INFO] PluginManager:220 - loadIPPluginJar : add touchsensing
2025-06-18 08:28:55,565 [INFO] IPUIPlugin:80 - create IPUIPlugin
2025-06-18 08:28:55,565 [INFO] PluginManager:220 - loadIPPluginJar : add i2c
2025-06-18 08:28:55,568 [INFO] IPUIPlugin:80 - create IPUIPlugin
2025-06-18 08:28:55,568 [INFO] PluginManager:220 - loadIPPluginJar : add resmgrutility
2025-06-18 08:28:55,571 [INFO] IPUIPlugin:80 - create IPUIPlugin
2025-06-18 08:28:55,571 [INFO] PluginManager:220 - loadIPPluginJar : add sai
2025-06-18 08:28:55,576 [INFO] IPUIPlugin:80 - create IPUIPlugin
2025-06-18 08:28:55,576 [INFO] PluginManager:220 - loadIPPluginJar : add usbx
2025-06-18 08:28:55,691 [FATAL] Updater:351 - Updater called before beeing initialized
2025-06-18 08:28:55,748 [INFO] RulesReader:64 - Compatibility file has been processed (301 Rules)
2025-06-18 08:28:55,771 [INFO] RulesReader:64 - Compatibility file has been processed (301 Rules)
2025-06-18 08:28:55,787 [INFO] CADModel:165 - CPN selected for project level
2025-06-18 08:28:55,787 [INFO] CADModel:114 - Register for checkConnection events
2025-06-18 08:28:55,787 [FATAL] Updater:351 - Updater called before beeing initialized
2025-06-18 08:28:55,787 [ERROR] CADModel:125 - Updater not yet initialized, retry later 
2025-06-18 08:28:56,044 [FATAL] Updater:351 - Updater called before beeing initialized
2025-06-18 08:28:56,045 [INFO] CADModel:165 - CPN selected for project level
2025-06-18 08:28:56,045 [INFO] CADModel:114 - Register for checkConnection events
2025-06-18 08:28:56,045 [FATAL] Updater:351 - Updater called before beeing initialized
2025-06-18 08:28:56,045 [ERROR] CADModel:125 - Updater not yet initialized, retry later 
2025-06-18 08:28:56,049 [FATAL] Updater:351 - Updater called before beeing initialized
2025-06-18 08:28:56,253 [FATAL] Updater:351 - Updater called before beeing initialized
2025-06-18 08:28:56,259 [INFO] DbMcusAds:53 - JSON generation date=Wed May 07 11:07:55 CEST 2025 (1746608875484)
2025-06-18 08:28:56,259 [FATAL] Updater:351 - Updater called before beeing initialized
2025-06-18 08:28:56,316 [WARN] DetailPanel:346 - Failed to get advertising image, set to default
2025-06-18 08:28:56,552 [FATAL] Updater:351 - Updater called before beeing initialized
2025-06-18 08:28:56,556 [FATAL] Updater:351 - Updater called before beeing initialized
2025-06-18 08:28:56,556 [FATAL] Updater:351 - Updater called before beeing initialized
2025-06-18 08:28:56,557 [WARN] DetailPanel:346 - Failed to get advertising image, set to default
2025-06-18 08:28:56,562 [FATAL] Updater:351 - Updater called before beeing initialized
2025-06-18 08:28:56,623 [ERROR] Updater:1198 - MainUpdater not yet initialized. External WinMGr cannot be set.
2025-06-18 08:28:56,626 [INFO] Updater:1134 - Updater Version found : 6.14.0
2025-06-18 08:28:56,642 [INFO] ApplicationProperties:184 - Using Application install path: /Applications/STM32CubeIDE.app/Contents/Eclipse/plugins/com.st.stm32cube.common.mx_6.14.0.202502271554
2025-06-18 08:28:56,996 [INFO] MainUpdater:2872 - connection check result : 22
2025-06-18 08:28:56,997 [INFO] MainUpdater:289 - Updater Check For Update Now.
2025-06-18 08:28:56,997 [INFO] MicroXplorer:498 - Change Database Version : DB.6.0.140
2025-06-18 08:28:57,008 [INFO] McuFinderGlobals:63 - Set McuFinder mode to 2 (CubeIDE integrated)
2025-06-18 08:28:57,011 [INFO] UserAuth:486 - Internet connection configuration mode: 2
2025-06-18 08:28:57,021 [INFO] UserAuth:486 - Internet connection configuration mode: 2
2025-06-18 08:28:57,354 [INFO] CheckServerUpdateThread:120 - End of CheckServer Thread
2025-06-18 08:28:58,114 [WARN] PackLoader:240 - Cannot read IP mode file for STMicroelectronics.FP-SNS-MOTENVWB1.1.4.0
2025-06-18 08:28:58,137 [WARN] PackLoader:240 - Cannot read IP mode file for STMicroelectronics.FP-ATR-ASTRA1.2.0.2
2025-06-18 08:28:58,155 [WARN] PackLoader:240 - Cannot read IP mode file for STMicroelectronics.X-CUBE-SMBUS.2.1.0
2025-06-18 08:28:58,168 [WARN] PackLoader:240 - Cannot read IP mode file for STMicroelectronics.X-CUBE-WB05N.1.1.0
2025-06-18 08:28:58,186 [WARN] PackLoader:240 - Cannot read IP mode file for STMicroelectronics.X-CUBE-ST60.1.0.0
2025-06-18 08:28:58,234 [WARN] PackLoader:240 - Cannot read IP mode file for STMicroelectronics.X-CUBE-AZRTOS-F7.1.1.0
2025-06-18 08:28:58,335 [WARN] PackLoader:240 - Cannot read IP mode file for Infineon.AIROC-Wi-Fi-Bluetooth-STM32.1.7.0
2025-06-18 08:28:58,417 [WARN] PackLoader:240 - Cannot read IP mode file for STMicroelectronics.X-CUBE-DISPLAY.3.0.0
2025-06-18 08:28:58,649 [WARN] PackLoader:240 - Cannot read IP mode file for STMicroelectronics.X-CUBE-NFC10.1.0.0
2025-06-18 08:28:58,691 [WARN] PackLoader:240 - Cannot read IP mode file for STMicroelectronics.X-CUBE-BLEMGR.4.0.0
2025-06-18 08:28:58,723 [WARN] PackLoader:240 - Cannot read IP mode file for emotas.I-CUBE-CANOPEN.1.3.0
2025-06-18 08:28:58,736 [WARN] ConditionMgr:438 - getConditionDescription Invalid condition id : Cortex-A Device cause : null
2025-06-18 08:28:58,759 [WARN] ConditionMgr:1044 - genDependencies : Invalid condition id : Cortex-A Device cause : null
2025-06-18 08:28:58,759 [WARN] ConditionMgr:1044 - genDependencies : Invalid condition id : Cortex-A Device cause : null
2025-06-18 08:28:58,760 [WARN] ConditionMgr:1044 - genDependencies : Invalid condition id : Cortex-A Device cause : null
2025-06-18 08:28:58,778 [WARN] PackLoader:240 - Cannot read IP mode file for STMicroelectronics.X-CUBE-AI.10.0.0
2025-06-18 08:28:58,787 [WARN] PackLoader:240 - Cannot read IP mode file for STMicroelectronics.FP-SNS-SMARTAG2.1.2.0
2025-06-18 08:28:58,799 [WARN] PackLoader:240 - Cannot read IP mode file for STMicroelectronics.FP-SNS-FLIGHT1.5.1.0
2025-06-18 08:28:58,903 [WARN] PackLoader:240 - Cannot read IP mode file for STMicroelectronics.X-CUBE-MEMS1.11.1.0
2025-06-18 08:28:59,351 [INFO] LogOutputStream:77 - [STDOUT_REDIRECT] 1 : Invalid condition id : UX_CORESTACK_Condition cause : null
2025-06-18 08:28:59,364 [INFO] LogOutputStream:77 - [STDOUT_REDIRECT] 1 : Invalid condition id : UX_CORESTACK_Condition cause : null
2025-06-18 08:28:59,366 [INFO] LogOutputStream:77 - [STDOUT_REDIRECT] 1 : Invalid condition id : UX_CORESTACK_Condition cause : null
2025-06-18 08:28:59,367 [INFO] LogOutputStream:77 - [STDOUT_REDIRECT] 1 : Invalid condition id : UX_CORESTACK_Condition cause : null
2025-06-18 08:28:59,367 [INFO] LogOutputStream:77 - [STDOUT_REDIRECT] 1 : Invalid condition id : UX_CORESTACK_Condition cause : null
2025-06-18 08:28:59,376 [WARN] PackLoader:240 - Cannot read IP mode file for STMicroelectronics.X-CUBE-AZRTOS-WL.2.0.0
2025-06-18 08:28:59,429 [WARN] PackLoader:240 - Cannot read IP mode file for STMicroelectronics.FP-SNS-MOTENV1.5.0.0
2025-06-18 08:28:59,462 [WARN] PackLoader:240 - Cannot read IP mode file for WES.I-CUBE-Cesium.1.3.0
2025-06-18 08:28:59,471 [WARN] PackLoader:240 - Cannot read IP mode file for STMicroelectronics.X-CUBE-BLE2.3.3.0
2025-06-18 08:28:59,480 [WARN] PackLoader:240 - Cannot read IP mode file for STMicroelectronics.X-CUBE-NFC9.1.0.0
2025-06-18 08:28:59,492 [WARN] PackLoader:240 - Cannot read IP mode file for wolfSSL.I-CUBE-wolfSSL.5.8.0
2025-06-18 08:28:59,498 [WARN] PackLoader:240 - Cannot read IP mode file for STMicroelectronics.X-CUBE-BLE1.7.1.0
2025-06-18 08:28:59,502 [WARN] PackLoader:240 - Cannot read IP mode file for wolfSSL.I-CUBE-wolfMQTT.1.19.2
2025-06-18 08:28:59,505 [WARN] PackLoader:240 - Cannot read IP mode file for STMicroelectronics.X-CUBE-AI.10.1.0
2025-06-18 08:28:59,579 [WARN] PackLoader:240 - Cannot read IP mode file for STMicroelectronics.X-CUBE-MEMS1.11.2.0
2025-06-18 08:28:59,965 [WARN] PackLoader:240 - Cannot read IP mode file for STMicroelectronics.X-CUBE-AZRTOS-G0.1.1.0
2025-06-18 08:28:59,983 [WARN] PackLoader:240 - Cannot read IP mode file for STMicroelectronics.X-CUBE-SAFEA1.1.2.2
2025-06-18 08:28:59,991 [WARN] PackLoader:240 - Cannot read IP mode file for STMicroelectronics.X-CUBE-NFC4.3.0.0
2025-06-18 08:29:00,014 [WARN] PackLoader:240 - Cannot read IP mode file for EmbeddedOffice.I-CUBE-FS-RTOS.1.0.1
2025-06-18 08:29:00,024 [WARN] PackLoader:240 - Cannot read IP mode file for STMicroelectronics.X-CUBE-WB05N.2.0.0
2025-06-18 08:29:00,028 [WARN] PackLoader:240 - Cannot read IP mode file for wolfSSL.I-CUBE-wolfTPM.3.8.0
2025-06-18 08:29:00,033 [WARN] PackLoader:240 - Cannot read IP mode file for STMicroelectronics.X-CUBE-TCPP.4.2.0
2025-06-18 08:29:00,040 [WARN] PackLoader:240 - Cannot read IP mode file for RealThread.X-CUBE-RT-Thread_Nano.4.1.1
2025-06-18 08:29:00,064 [WARN] PackLoader:240 - Cannot read IP mode file for STMicroelectronics.FP-ATR-SIGFOX1.3.2.0
2025-06-18 08:29:00,081 [WARN] PackLoader:240 - Cannot read IP mode file for STMicroelectronics.X-CUBE-EEPRMA1.5.1.0
2025-06-18 08:29:00,088 [WARN] PackLoader:240 - Cannot read IP mode file for wolfSSL.I-CUBE-wolfSSL.5.7.6
2025-06-18 08:29:00,097 [WARN] PackLoader:240 - Cannot read IP mode file for ITTIA_DB.I-CUBE-ITTIADB.8.9.0
2025-06-18 08:29:00,111 [WARN] PackLoader:240 - Cannot read IP mode file for STMicroelectronics.X-CUBE-ST67W61.1.0.0
2025-06-18 08:29:00,153 [WARN] PackLoader:240 - Cannot read IP mode file for SEGGER.I-CUBE-embOS.1.3.1
2025-06-18 08:29:00,195 [WARN] PackLoader:240 - Cannot read IP mode file for STMicroelectronics.X-CUBE-ALGOBUILD.1.4.0
2025-06-18 08:29:00,270 [WARN] PackLoader:240 - Cannot read IP mode file for STMicroelectronics.X-CUBE-MEMS1.11.3.0
2025-06-18 08:29:00,861 [WARN] PackLoader:240 - Cannot read IP mode file for STMicroelectronics.X-CUBE-PM33A1.1.0.0
2025-06-18 08:29:00,911 [WARN] PackLoader:240 - Cannot read IP mode file for STMicroelectronics.X-CUBE-AZRTOS-F4.1.1.0
2025-06-18 08:29:00,926 [WARN] PackLoader:240 - Cannot read IP mode file for Avnet-IotConnect.X-CUBE-IoTC-DA16k-PMOD.1.0.0
2025-06-18 08:29:00,930 [WARN] PackLoader:240 - Cannot read IP mode file for STMicroelectronics.X-CUBE-ISPU.2.1.0
2025-06-18 08:29:00,956 [WARN] PackLoader:240 - Cannot read IP mode file for STMicroelectronics.X-CUBE-AZRTOS-L5.2.0.0
2025-06-18 08:29:00,973 [WARN] PackLoader:240 - Cannot read IP mode file for STMicroelectronics.X-CUBE-NFC6.3.1.0
2025-06-18 08:29:00,983 [WARN] PackLoader:240 - Cannot read IP mode file for STMicroelectronics.X-CUBE-DPower.1.2.0
2025-06-18 08:29:00,991 [WARN] PackLoader:240 - Cannot read IP mode file for STMicroelectronics.X-CUBE-FREERTOS.1.3.1
2025-06-18 08:29:00,997 [WARN] PackLoader:240 - Cannot read IP mode file for STMicroelectronics.X-CUBE-FREERTOS.1.3.0
2025-06-18 08:29:01,086 [WARN] PackLoader:240 - Cannot read IP mode file for STMicroelectronics.X-CUBE-NFC7.1.0.1
2025-06-18 08:29:01,098 [WARN] PackLoader:240 - Cannot read IP mode file for STMicroelectronics.X-CUBE-DPower.1.3.0
2025-06-18 08:29:01,125 [WARN] ConditionMgr:438 - getConditionDescription Invalid condition id : LAN8742 Phy interface Condition cause : null
2025-06-18 08:29:01,126 [WARN] PackLoader:240 - Cannot read IP mode file for STMicroelectronics.X-CUBE-AZRTOS-L4.2.0.0
2025-06-18 08:29:01,129 [WARN] ConditionMgr:1044 - genDependencies : Invalid condition id : LAN8742 Phy interface Condition cause : null
2025-06-18 08:29:01,130 [WARN] ConditionMgr:1044 - genDependencies : Invalid condition id : LAN8742 Phy interface Condition cause : null
2025-06-18 08:29:01,131 [WARN] ConditionMgr:1044 - genDependencies : Invalid condition id : LAN8742 Phy interface Condition cause : null
2025-06-18 08:29:01,150 [WARN] PackLoader:240 - Cannot read IP mode file for STMicroelectronics.X-CUBE-SFXS2LP1.4.0.0
2025-06-18 08:29:01,189 [WARN] PackLoader:240 - Cannot read IP mode file for STMicroelectronics.X-CUBE-AZRTOS-H7.3.3.0
2025-06-18 08:29:01,213 [WARN] ConditionMgr:438 - getConditionDescription Invalid condition id : UX DEVICE CLASS RTOS Condition cause : null
2025-06-18 08:29:01,214 [WARN] ConditionMgr:438 - getConditionDescription Invalid condition id : UX DEVICE CLASS RTOS Condition cause : null
2025-06-18 08:29:01,218 [WARN] PackLoader:240 - Cannot read IP mode file for STMicroelectronics.X-CUBE-AZRTOS-WB.2.0.0
2025-06-18 08:29:01,220 [WARN] ConditionMgr:1044 - genDependencies : Invalid condition id : UX DEVICE CLASS RTOS Condition cause : null
2025-06-18 08:29:01,220 [WARN] ConditionMgr:1044 - genDependencies : Invalid condition id : UX DEVICE CLASS RTOS Condition cause : null
2025-06-18 08:29:01,220 [WARN] ConditionMgr:1044 - genDependencies : Invalid condition id : UX DEVICE CLASS RTOS Condition cause : null
2025-06-18 08:29:01,221 [WARN] ConditionMgr:1044 - genDependencies : Invalid condition id : UX DEVICE CLASS RTOS Condition cause : null
2025-06-18 08:29:01,221 [WARN] ConditionMgr:1044 - genDependencies : Invalid condition id : UX DEVICE CLASS RTOS Condition cause : null
2025-06-18 08:29:01,236 [WARN] PackLoader:240 - Cannot read IP mode file for STMicroelectronics.X-CUBE-GNSS1.7.0.1
2025-06-18 08:29:01,256 [WARN] PackLoader:240 - Cannot read IP mode file for STMicroelectronics.X-CUBE-TOUCHGFX.4.25.0
2025-06-18 08:29:01,264 [WARN] PackLoader:240 - Cannot read IP mode file for STMicroelectronics.FP-SNS-STBOX1.2.0.0
2025-06-18 08:29:01,316 [WARN] PackLoader:240 - Cannot read IP mode file for STMicroelectronics.X-CUBE-MEMS1.8.2.0
2025-06-18 08:29:01,510 [WARN] PackLoader:240 - Cannot read IP mode file for STMicroelectronics.X-CUBE-SUBG2.5.0.0
2025-06-18 08:29:01,547 [WARN] PackLoader:240 - Cannot read IP mode file for STMicroelectronics.X-CUBE-AZRTOS-H7RS.1.1.0
2025-06-18 08:29:01,555 [WARN] PackLoader:240 - Cannot read IP mode file for Cesanta.I-CUBE-Mongoose.7.13.0
2025-06-18 08:29:01,573 [WARN] PackLoader:240 - Cannot read IP mode file for STMicroelectronics.X-CUBE-AZRTOS-G4.2.0.0
2025-06-18 08:29:01,583 [WARN] PackLoader:240 - Cannot read IP mode file for wolfSSL.I-CUBE-wolfSSH.1.4.20
2025-06-18 08:29:01,587 [WARN] PackLoader:240 - Cannot read IP mode file for STMicroelectronics.X-CUBE-NFC7.2.0.0
2025-06-18 08:29:01,597 [WARN] PackLoader:240 - Cannot read IP mode file for STMicroelectronics.X-CUBE-IPS.3.1.0
2025-06-18 08:29:01,607 [WARN] PackLoader:240 - Cannot read IP mode file for STMicroelectronics.X-CUBE-ALS.1.0.2
2025-06-18 08:29:01,710 [WARN] PackLoader:240 - Cannot read IP mode file for STMicroelectronics.X-CUBE-MEMS1.9.1.0
2025-06-18 08:29:02,196 [WARN] PackLoader:240 - Cannot read IP mode file for portGmbH.I-Cube-SoM-uGOAL.1.1.0
2025-06-18 08:29:02,231 [WARN] PackLoader:240 - Cannot read IP mode file for STMicroelectronics.X-CUBE-AZRTOS-H7RS.1.0.0
2025-06-18 08:29:02,255 [WARN] PackLoader:240 - Cannot read IP mode file for STMicroelectronics.X-CUBE-TOF1.3.4.2
2025-06-18 08:29:02,275 [WARN] PackLoader:240 - Cannot read IP mode file for STMicroelectronics.X-CUBE-TOF1.3.4.3
2025-06-18 08:29:02,302 [INFO] ThirdParty:978 - Integrity check success = true
2025-06-18 08:29:02,302 [INFO] IntegrityCheckThread:100 - exiting critical section [integrity check]
2025-06-18 08:29:02,302 [INFO] IntegrityCheckThread:103 - End integrity checks thread
2025-06-18 08:29:39,659 [ERROR] ConfigurationRetriever:142 - IOException on connection: PKIX path validation failed: java.security.cert.CertPathValidatorException: validity check failed
2025-06-18 08:29:39,679 [ERROR] ConfigurationRetriever:142 - IOException on connection: PKIX path validation failed: java.security.cert.CertPathValidatorException: validity check failed
2025-06-18 08:29:39,699 [ERROR] ConfigurationRetriever:142 - IOException on connection: PKIX path validation failed: java.security.cert.CertPathValidatorException: validity check failed
2025-06-18 08:33:59,791 [ERROR] ConfigurationRetriever:142 - IOException on connection: PKIX path validation failed: java.security.cert.CertPathValidatorException: validity check failed
2025-06-18 08:33:59,859 [ERROR] ConfigurationRetriever:142 - IOException on connection: PKIX path validation failed: java.security.cert.CertPathValidatorException: validity check failed
2025-06-18 08:33:59,907 [ERROR] ConfigurationRetriever:142 - IOException on connection: PKIX path validation failed: java.security.cert.CertPathValidatorException: validity check failed
2025-06-18 08:34:00,232 [ERROR] ConfigurationRetriever:142 - IOException on connection: PKIX path validation failed: java.security.cert.CertPathValidatorException: validity check failed
2025-06-18 08:34:00,313 [ERROR] ConfigurationRetriever:142 - IOException on connection: PKIX path validation failed: java.security.cert.CertPathValidatorException: validity check failed
2025-06-18 08:34:00,347 [ERROR] ConfigurationRetriever:142 - IOException on connection: PKIX path validation failed: java.security.cert.CertPathValidatorException: validity check failed
2025-06-18 08:35:00,905 [ERROR] ConfigurationRetriever:142 - IOException on connection: PKIX path validation failed: java.security.cert.CertPathValidatorException: validity check failed
2025-06-18 08:35:00,942 [ERROR] ConfigurationRetriever:142 - IOException on connection: PKIX path validation failed: java.security.cert.CertPathValidatorException: validity check failed
2025-06-18 08:35:01,021 [ERROR] ConfigurationRetriever:142 - IOException on connection: PKIX path validation failed: java.security.cert.CertPathValidatorException: validity check failed
2025-06-18 08:35:01,159 [ERROR] ConfigurationRetriever:142 - IOException on connection: PKIX path validation failed: java.security.cert.CertPathValidatorException: validity check failed
2025-06-18 08:35:01,588 [ERROR] ConfigurationRetriever:142 - IOException on connection: PKIX path validation failed: java.security.cert.CertPathValidatorException: validity check failed
2025-06-18 08:35:01,750 [ERROR] ConfigurationRetriever:142 - IOException on connection: PKIX path validation failed: java.security.cert.CertPathValidatorException: validity check failed
2025-06-18 08:37:19,929 [ERROR] ConfigurationRetriever:142 - IOException on connection: PKIX path validation failed: java.security.cert.CertPathValidatorException: validity check failed
2025-06-18 08:37:19,953 [ERROR] ConfigurationRetriever:142 - IOException on connection: PKIX path validation failed: java.security.cert.CertPathValidatorException: validity check failed
2025-06-18 08:37:19,974 [ERROR] ConfigurationRetriever:142 - IOException on connection: PKIX path validation failed: java.security.cert.CertPathValidatorException: validity check failed
