2025-04-16 08:02:30,713 [INFO] WebApp:194 - Connection lost
2025-04-16 08:36:31,307 [INFO] WebApp:191 - Connection restablished
2025-04-16 08:40:41,383 [INFO] NvicIntPanel:101 - NVIC parent = com.st.microxplorer.plugins.ip.nvic.MultiNvicIntPanel[,0,0,450x239,layout=javax.swing.BoxLayout,alignmentX=0.0,alignmentY=0.0,border=,flags=9,maximumSize=,minimumSize=,preferredSize=]
2025-04-16 08:40:43,090 [INFO] NvicIntPanel:101 - NVIC parent = com.st.microxplorer.plugins.ip.nvic.MultiNvicIntPanel[,0,0,0x0,invalid,layout=javax.swing.BoxLayout,alignmentX=0.0,alignmentY=0.0,border=,flags=9,maximumSize=,minimumSize=,preferredSize=]
2025-04-16 08:46:15,251 [INFO] NvicIntPanel:101 - NVIC parent = com.st.microxplorer.plugins.ip.nvic.MultiNvicIntPanel[,0,0,0x0,invalid,layout=javax.swing.BoxLayout,alignmentX=0.0,alignmentY=0.0,border=,flags=9,maximumSize=,minimumSize=,preferredSize=]
2025-04-16 08:46:23,076 [INFO] ADCParametersView:116 -                Rank 1 : false
2025-04-16 08:46:23,077 [INFO] ADCParametersView:116 -                Rank 1 : false
2025-04-16 08:46:23,078 [INFO] ADCParametersView:116 -                Rank 1 : false
2025-04-16 08:46:23,078 [INFO] ADCParametersView:116 -                Rank 1 : false
2025-04-16 08:46:23,078 [INFO] ADCParametersView:116 -                Rank 1 : false
2025-04-16 08:46:23,078 [INFO] ADCParametersView:116 -                Rank 1 : false
2025-04-16 08:46:23,079 [INFO] ADCParametersView:116 -                Rank 1 : false
2025-04-16 08:46:23,079 [INFO] ADCParametersView:116 -                Rank 1 : false
2025-04-16 08:46:23,079 [INFO] ADCParametersView:116 -                Rank 1 : false
2025-04-16 08:46:23,079 [INFO] ADCParametersView:116 -                Rank 1 : false
2025-04-16 08:46:23,080 [INFO] ADCParametersView:116 -                Rank 1 : false
2025-04-16 08:46:23,080 [INFO] ADCParametersView:116 -                Rank 1 : false
2025-04-16 08:46:23,080 [INFO] ADCParametersView:116 -                Rank 1 : false
2025-04-16 08:46:23,081 [INFO] ADCParametersView:116 -                Rank 1 : false
2025-04-16 08:46:23,081 [INFO] ADCParametersView:116 -                Rank 1 : false
2025-04-16 08:46:23,081 [INFO] ADCParametersView:116 -                Rank 1 : false
2025-04-16 08:46:23,137 [INFO] ADCParametersView:116 -                Rank 1 : false
2025-04-16 08:46:23,178 [INFO] ADCParametersView:116 -                Rank 1 : false
2025-04-16 08:46:23,179 [INFO] ADCParametersView:116 -                Rank 1 : false
2025-04-16 08:46:23,179 [INFO] ADCParametersView:116 -                Rank 1 : false
2025-04-16 08:46:23,179 [INFO] ADCParametersView:116 -                Rank 1 : false
2025-04-16 08:46:23,179 [INFO] ADCParametersView:116 -                Rank 1 : false
2025-04-16 08:46:23,179 [INFO] ADCParametersView:116 -                Rank 1 : false
2025-04-16 08:46:23,180 [INFO] ADCParametersView:116 -                Rank 1 : false
2025-04-16 08:46:23,180 [INFO] ADCParametersView:116 -                Rank 1 : false
2025-04-16 08:46:23,180 [INFO] ADCParametersView:116 -                Rank 1 : false
2025-04-16 08:46:23,180 [INFO] ADCParametersView:116 -                Rank 1 : false
2025-04-16 08:46:23,181 [INFO] ADCParametersView:116 -                Rank 1 : false
2025-04-16 08:46:23,181 [INFO] ADCParametersView:116 -                Rank 1 : false
2025-04-16 08:46:23,181 [INFO] ADCParametersView:116 -                Rank 1 : false
2025-04-16 08:46:23,182 [INFO] ADCParametersView:116 -                Rank 1 : false
2025-04-16 08:46:23,182 [INFO] ADCParametersView:116 -                Rank 1 : false
2025-04-16 08:46:23,182 [INFO] ADCParametersView:116 -                Rank 1 : false
2025-04-16 08:46:23,205 [INFO] ADCParametersView:116 -                Rank 1 : false
2025-04-16 08:46:27,753 [INFO] NvicIntPanel:101 - NVIC parent = com.st.microxplorer.plugins.ip.nvic.MultiNvicIntPanel[,0,0,0x0,invalid,layout=javax.swing.BoxLayout,alignmentX=0.0,alignmentY=0.0,border=,flags=9,maximumSize=,minimumSize=,preferredSize=]
2025-04-16 08:46:27,801 [INFO] ADCParametersView:116 -                Rank 1 : false
2025-04-16 08:46:27,804 [INFO] ADCParametersView:116 -                Rank 1 : false
2025-04-16 08:46:27,804 [INFO] ADCParametersView:116 -                Rank 1 : false
2025-04-16 08:46:27,805 [INFO] ADCParametersView:116 -                Rank 1 : false
2025-04-16 08:46:27,805 [INFO] ADCParametersView:116 -                Rank 1 : false
2025-04-16 08:46:27,805 [INFO] ADCParametersView:116 -                Rank 1 : false
2025-04-16 08:46:27,806 [INFO] ADCParametersView:116 -                Rank 1 : false
2025-04-16 08:46:27,806 [INFO] ADCParametersView:116 -                Rank 1 : false
2025-04-16 08:46:27,807 [INFO] ADCParametersView:116 -                Rank 1 : false
2025-04-16 08:46:27,807 [INFO] ADCParametersView:116 -                Rank 1 : false
2025-04-16 08:46:27,807 [INFO] ADCParametersView:116 -                Rank 1 : false
2025-04-16 08:46:27,807 [INFO] ADCParametersView:116 -                Rank 1 : false
2025-04-16 08:46:27,807 [INFO] ADCParametersView:116 -                Rank 1 : false
2025-04-16 08:46:27,807 [INFO] ADCParametersView:116 -                Rank 1 : false
2025-04-16 08:46:27,807 [INFO] ADCParametersView:116 -                Rank 1 : false
2025-04-16 08:46:27,807 [INFO] ADCParametersView:116 -                Rank 1 : false
2025-04-16 08:46:27,852 [INFO] ADCParametersView:116 -                Rank 1 : false
2025-04-16 08:46:46,917 [INFO] NvicIntPanel:101 - NVIC parent = com.st.microxplorer.plugins.ip.nvic.MultiNvicIntPanel[,0,0,0x0,invalid,layout=javax.swing.BoxLayout,alignmentX=0.0,alignmentY=0.0,border=,flags=9,maximumSize=,minimumSize=,preferredSize=]
2025-04-16 08:46:46,964 [INFO] ADCParametersView:116 -                Rank 1 : false
2025-04-16 08:46:46,970 [INFO] ADCParametersView:116 -                Rank 1 : false
2025-04-16 08:46:46,970 [INFO] ADCParametersView:116 -                Rank 1 : false
2025-04-16 08:46:46,971 [INFO] ADCParametersView:116 -                Rank 1 : false
2025-04-16 08:46:46,971 [INFO] ADCParametersView:116 -                Rank 1 : false
2025-04-16 08:46:46,971 [INFO] ADCParametersView:116 -                Rank 1 : false
2025-04-16 08:46:46,972 [INFO] ADCParametersView:116 -                Rank 1 : false
2025-04-16 08:46:46,972 [INFO] ADCParametersView:116 -                Rank 1 : false
2025-04-16 08:46:46,972 [INFO] ADCParametersView:116 -                Rank 1 : false
2025-04-16 08:46:46,972 [INFO] ADCParametersView:116 -                Rank 1 : false
2025-04-16 08:46:46,973 [INFO] ADCParametersView:116 -                Rank 1 : false
2025-04-16 08:46:46,973 [INFO] ADCParametersView:116 -                Rank 1 : false
2025-04-16 08:46:46,973 [INFO] ADCParametersView:116 -                Rank 1 : false
2025-04-16 08:46:46,973 [INFO] ADCParametersView:116 -                Rank 1 : false
2025-04-16 08:46:46,973 [INFO] ADCParametersView:116 -                Rank 1 : false
2025-04-16 08:46:46,974 [INFO] ADCParametersView:116 -                Rank 1 : false
2025-04-16 08:46:46,974 [INFO] ADCParametersView:116 -                Rank 1 : false
2025-04-16 08:46:46,974 [INFO] ADCParametersView:116 -                Rank 1 : false
2025-04-16 08:46:46,974 [INFO] ADCParametersView:116 -                Rank 1 : false
2025-04-16 08:46:46,974 [INFO] ADCParametersView:116 -                Rank 1 : false
2025-04-16 08:46:46,974 [INFO] ADCParametersView:116 -                Rank 1 : false
2025-04-16 08:46:46,998 [INFO] ADCParametersView:116 -                Rank 1 : false
2025-04-16 08:46:54,964 [INFO] NvicIntPanel:101 - NVIC parent = com.st.microxplorer.plugins.ip.nvic.MultiNvicIntPanel[,0,0,0x0,invalid,layout=javax.swing.BoxLayout,alignmentX=0.0,alignmentY=0.0,border=,flags=9,maximumSize=,minimumSize=,preferredSize=]
2025-04-16 08:46:55,002 [INFO] ADCParametersView:116 -                Rank 1 : false
2025-04-16 08:46:55,004 [INFO] ADCParametersView:116 -                Rank 1 : false
2025-04-16 08:46:55,004 [INFO] ADCParametersView:116 -                Rank 1 : false
2025-04-16 08:46:55,005 [INFO] ADCParametersView:116 -                Rank 1 : false
2025-04-16 08:46:55,005 [INFO] ADCParametersView:116 -                Rank 1 : false
2025-04-16 08:46:55,005 [INFO] ADCParametersView:116 -                Rank 1 : false
2025-04-16 08:46:55,005 [INFO] ADCParametersView:116 -                Rank 1 : false
2025-04-16 08:46:55,006 [INFO] ADCParametersView:116 -                Rank 1 : false
2025-04-16 08:46:55,006 [INFO] ADCParametersView:116 -                Rank 1 : false
2025-04-16 08:46:55,006 [INFO] ADCParametersView:116 -                Rank 1 : false
2025-04-16 08:46:55,006 [INFO] ADCParametersView:116 -                Rank 1 : false
2025-04-16 08:46:55,007 [INFO] ADCParametersView:116 -                Rank 1 : false
2025-04-16 08:46:55,007 [INFO] ADCParametersView:116 -                Rank 1 : false
2025-04-16 08:46:55,007 [INFO] ADCParametersView:116 -                Rank 1 : false
2025-04-16 08:46:55,007 [INFO] ADCParametersView:116 -                Rank 1 : false
2025-04-16 08:46:55,008 [INFO] ADCParametersView:116 -                Rank 1 : false
2025-04-16 08:46:55,008 [INFO] ADCParametersView:116 -                Rank 1 : false
2025-04-16 08:46:55,008 [INFO] ADCParametersView:116 -                Rank 1 : false
2025-04-16 08:46:55,008 [INFO] ADCParametersView:116 -                Rank 1 : false
2025-04-16 08:46:55,008 [INFO] ADCParametersView:116 -                Rank 1 : false
2025-04-16 08:46:55,008 [INFO] ADCParametersView:116 -                Rank 1 : false
2025-04-16 08:46:55,026 [INFO] ADCParametersView:116 -                Rank 1 : false
2025-04-16 08:46:55,028 [INFO] ADCParametersView:116 -                Rank 1 : false
2025-04-16 08:46:55,030 [INFO] ADCParametersView:116 -                Rank 1 : false
2025-04-16 08:46:55,030 [INFO] ADCParametersView:116 -                Rank 1 : false
2025-04-16 08:46:55,031 [INFO] ADCParametersView:116 -                Rank 1 : false
2025-04-16 08:46:55,031 [INFO] ADCParametersView:116 -                Rank 1 : false
2025-04-16 08:46:55,031 [INFO] ADCParametersView:116 -                Rank 1 : false
2025-04-16 08:46:55,031 [INFO] ADCParametersView:116 -                Rank 1 : false
2025-04-16 08:46:55,032 [INFO] ADCParametersView:116 -                Rank 1 : false
2025-04-16 08:46:55,032 [INFO] ADCParametersView:116 -                Rank 1 : false
2025-04-16 08:46:55,032 [INFO] ADCParametersView:116 -                Rank 1 : false
2025-04-16 08:46:55,032 [INFO] ADCParametersView:116 -                Rank 1 : false
2025-04-16 08:46:55,033 [INFO] ADCParametersView:116 -                Rank 1 : false
2025-04-16 08:46:55,033 [INFO] ADCParametersView:116 -                Rank 1 : false
2025-04-16 08:46:55,033 [INFO] ADCParametersView:116 -                Rank 1 : false
2025-04-16 08:46:55,033 [INFO] ADCParametersView:116 -                Rank 1 : false
2025-04-16 08:46:55,033 [INFO] ADCParametersView:116 -                Rank 1 : false
2025-04-16 08:46:55,033 [INFO] ADCParametersView:116 -                Rank 1 : false
2025-04-16 08:46:55,034 [INFO] ADCParametersView:116 -                Rank 1 : false
2025-04-16 08:46:55,034 [INFO] ADCParametersView:116 -                Rank 1 : false
2025-04-16 08:46:55,034 [INFO] ADCParametersView:116 -                Rank 1 : false
2025-04-16 08:46:55,035 [INFO] ADCParametersView:116 -                Rank 1 : false
2025-04-16 08:46:55,052 [INFO] ADCParametersView:116 -                Rank 1 : false
2025-04-16 08:47:05,632 [INFO] ADCParametersView:116 -                Rank 1 : false
2025-04-16 08:47:05,641 [INFO] ADCParametersView:116 -                Rank 1 : false
2025-04-16 08:47:05,643 [INFO] ADCParametersView:116 -                Rank 1 : false
2025-04-16 08:47:05,644 [INFO] ADCParametersView:116 -                Rank 1 : false
2025-04-16 08:47:05,645 [INFO] ADCParametersView:116 -                Rank 1 : false
2025-04-16 08:47:05,645 [INFO] ADCParametersView:116 -                Rank 1 : false
2025-04-16 08:47:05,646 [INFO] ADCParametersView:116 -                Rank 1 : false
2025-04-16 08:47:05,647 [INFO] ADCParametersView:116 -                Rank 1 : false
2025-04-16 08:47:05,647 [INFO] ADCParametersView:116 -                Rank 1 : false
2025-04-16 08:47:05,648 [INFO] ADCParametersView:116 -                Rank 1 : false
2025-04-16 08:47:05,649 [INFO] ADCParametersView:116 -                Rank 1 : false
2025-04-16 08:47:05,649 [INFO] ADCParametersView:116 -                Rank 1 : false
2025-04-16 08:47:05,650 [INFO] ADCParametersView:116 -                Rank 1 : false
2025-04-16 08:47:05,650 [INFO] ADCParametersView:116 -                Rank 1 : false
2025-04-16 08:47:05,650 [INFO] ADCParametersView:116 -                Rank 1 : false
2025-04-16 08:47:05,651 [INFO] ADCParametersView:116 -                Rank 1 : false
2025-04-16 08:47:05,651 [INFO] ADCParametersView:116 -                Rank 1 : false
2025-04-16 08:47:05,651 [INFO] ADCParametersView:116 -                Rank 1 : false
2025-04-16 08:47:05,652 [INFO] ADCParametersView:116 -                Rank 1 : false
2025-04-16 08:47:05,652 [INFO] ADCParametersView:116 -                Rank 1 : false
2025-04-16 08:47:05,652 [INFO] ADCParametersView:116 -                Rank 1 : false
2025-04-16 08:47:05,688 [INFO] ADCParametersView:116 -                Rank 1 : false
2025-04-16 08:47:05,690 [INFO] ADCParametersView:116 -                Rank 1 : false
2025-04-16 08:47:05,692 [INFO] ADCParametersView:116 -                Rank 1 : false
2025-04-16 08:47:05,693 [INFO] ADCParametersView:116 -                Rank 1 : false
2025-04-16 08:47:05,693 [INFO] ADCParametersView:116 -                Rank 1 : false
2025-04-16 08:47:05,693 [INFO] ADCParametersView:116 -                Rank 1 : false
2025-04-16 08:47:05,694 [INFO] ADCParametersView:116 -                Rank 1 : false
2025-04-16 08:47:05,694 [INFO] ADCParametersView:116 -                Rank 1 : false
2025-04-16 08:47:05,695 [INFO] ADCParametersView:116 -                Rank 1 : false
2025-04-16 08:47:05,695 [INFO] ADCParametersView:116 -                Rank 1 : false
2025-04-16 08:47:05,695 [INFO] ADCParametersView:116 -                Rank 1 : false
2025-04-16 08:47:05,695 [INFO] ADCParametersView:116 -                Rank 1 : false
2025-04-16 08:47:05,696 [INFO] ADCParametersView:116 -                Rank 1 : false
2025-04-16 08:47:05,696 [INFO] ADCParametersView:116 -                Rank 1 : false
2025-04-16 08:47:05,696 [INFO] ADCParametersView:116 -                Rank 1 : false
2025-04-16 08:47:05,697 [INFO] ADCParametersView:116 -                Rank 1 : false
2025-04-16 08:47:05,697 [INFO] ADCParametersView:116 -                Rank 1 : false
2025-04-16 08:47:05,697 [INFO] ADCParametersView:116 -                Rank 1 : false
2025-04-16 08:47:05,697 [INFO] ADCParametersView:116 -                Rank 1 : false
2025-04-16 08:47:05,697 [INFO] ADCParametersView:116 -                Rank 1 : false
2025-04-16 08:47:05,697 [INFO] ADCParametersView:116 -                Rank 1 : false
2025-04-16 08:47:05,697 [INFO] ADCParametersView:116 -                Rank 1 : false
2025-04-16 08:47:05,722 [INFO] ADCParametersView:116 -                Rank 1 : false
2025-04-16 08:47:21,222 [INFO] NvicIntPanel:101 - NVIC parent = com.st.microxplorer.plugins.ip.nvic.MultiNvicIntPanel[,0,0,0x0,invalid,layout=javax.swing.BoxLayout,alignmentX=0.0,alignmentY=0.0,border=,flags=9,maximumSize=,minimumSize=,preferredSize=]
2025-04-16 08:47:21,269 [INFO] ADCParametersView:116 -                Rank 1 : false
2025-04-16 08:47:21,273 [INFO] ADCParametersView:116 -                Rank 1 : false
2025-04-16 08:47:21,273 [INFO] ADCParametersView:116 -                Rank 1 : false
2025-04-16 08:47:21,273 [INFO] ADCParametersView:116 -                Rank 1 : false
2025-04-16 08:47:21,274 [INFO] ADCParametersView:116 -                Rank 1 : false
2025-04-16 08:47:21,274 [INFO] ADCParametersView:116 -                Rank 1 : false
2025-04-16 08:47:21,274 [INFO] ADCParametersView:116 -                Rank 1 : false
2025-04-16 08:47:21,274 [INFO] ADCParametersView:116 -                Rank 1 : false
2025-04-16 08:47:21,275 [INFO] ADCParametersView:116 -                Rank 1 : false
2025-04-16 08:47:21,275 [INFO] ADCParametersView:116 -                Rank 1 : false
2025-04-16 08:47:21,275 [INFO] ADCParametersView:116 -                Rank 1 : false
2025-04-16 08:47:21,275 [INFO] ADCParametersView:116 -                Rank 1 : false
2025-04-16 08:47:21,275 [INFO] ADCParametersView:116 -                Rank 1 : false
2025-04-16 08:47:21,276 [INFO] ADCParametersView:116 -                Rank 1 : false
2025-04-16 08:47:21,276 [INFO] ADCParametersView:116 -                Rank 1 : false
2025-04-16 08:47:21,276 [INFO] ADCParametersView:116 -                Rank 1 : false
2025-04-16 08:47:21,276 [INFO] ADCParametersView:116 -                Rank 1 : false
2025-04-16 08:47:21,276 [INFO] ADCParametersView:116 -                Rank 1 : false
2025-04-16 08:47:21,276 [INFO] ADCParametersView:116 -                Rank 1 : false
2025-04-16 08:47:21,276 [INFO] ADCParametersView:116 -                Rank 1 : false
2025-04-16 08:47:21,277 [INFO] ADCParametersView:116 -                Rank 1 : false
2025-04-16 08:47:21,293 [INFO] ADCParametersView:116 -                Rank 1 : false
2025-04-16 08:48:45,103 [INFO] UtilMem:75 - End SaveConfig() Used Memory: 790846392 Bytes (922746880)
2025-04-16 08:48:45,738 [INFO] UtilMem:75 - End SaveConfig() Used Memory: 306858184 Bytes (922746880)
2025-04-16 08:48:47,042 [INFO] BlockDiagram:2775 - set Specific Code input for plugin: ADC
2025-04-16 08:48:47,061 [INFO] BlockDiagram:2775 - set Specific Code input for plugin: NVIC
2025-04-16 08:48:47,064 [INFO] BlockDiagram:2775 - set Specific Code input for plugin: USART
2025-04-16 08:48:47,064 [INFO] BlockDiagram:2775 - set Specific Code input for plugin: TIM1_8L1Cat345
2025-04-16 08:48:47,064 [INFO] BlockDiagram:2775 - set Specific Code input for plugin: SYS
2025-04-16 08:48:47,064 [INFO] BlockDiagram:2775 - set Specific Code input for plugin: GPIO
2025-04-16 08:48:47,064 [INFO] BlockDiagram:2775 - set Specific Code input for plugin: RCC
2025-04-16 08:48:47,067 [INFO] CodeGenerator:882 - code generatio: config db path: /Applications/STM32CubeIDE.app/Contents/Eclipse/plugins/com.st.stm32cube.common.mx_6.14.0.202502271554//db/
2025-04-16 08:48:47,268 [INFO] CodeEngine:263 - oldGeneratedFile, /Users/mathisvalencia/Documents/µP/IDE-STM32/TP5ADC/MXTmpFiles/license.tmp_save
2025-04-16 08:48:47,703 [INFO] CodeEngine:287 - Generated code: /Users/mathisvalencia/Documents/µP/IDE-STM32/TP5ADC/MXTmpFiles/license.tmp
2025-04-16 08:48:47,751 [INFO] CodeEngine:263 - oldGeneratedFile, /Users/mathisvalencia/Documents/µP/IDE-STM32/TP5ADC/MXTmpFiles/gpio.tmp_save
2025-04-16 08:48:47,927 [INFO] CodeEngine:287 - Generated code: /Users/mathisvalencia/Documents/µP/IDE-STM32/TP5ADC/MXTmpFiles/gpio.tmp
2025-04-16 08:48:48,370 [INFO] CodeEngine:263 - oldGeneratedFile, /Users/mathisvalencia/Documents/µP/IDE-STM32/TP5ADC/Core/Src/stm32l1xx_it.c_save
2025-04-16 08:48:48,673 [INFO] CodeEngine:287 - Generated code: /Users/mathisvalencia/Documents/µP/IDE-STM32/TP5ADC/Core/Src/stm32l1xx_it.c
2025-04-16 08:48:48,675 [INFO] CodeEngine:263 - oldGeneratedFile, /Users/mathisvalencia/Documents/µP/IDE-STM32/TP5ADC/Core/Inc/stm32l1xx_it.h_save
2025-04-16 08:48:48,762 [INFO] CodeEngine:287 - Generated code: /Users/mathisvalencia/Documents/µP/IDE-STM32/TP5ADC/Core/Inc/stm32l1xx_it.h
2025-04-16 08:48:48,771 [INFO] CodeEngine:263 - oldGeneratedFile, /Users/mathisvalencia/Documents/µP/IDE-STM32/TP5ADC/Core/Src/stm32l1xx_hal_msp.c_save
2025-04-16 08:48:48,972 [INFO] CodeEngine:287 - Generated code: /Users/mathisvalencia/Documents/µP/IDE-STM32/TP5ADC/Core/Src/stm32l1xx_hal_msp.c
2025-04-16 08:48:48,974 [INFO] CodeEngine:263 - oldGeneratedFile, /Users/mathisvalencia/Documents/µP/IDE-STM32/TP5ADC/MXTmpFiles/system.tmp_save
2025-04-16 08:48:49,065 [INFO] CodeEngine:287 - Generated code: /Users/mathisvalencia/Documents/µP/IDE-STM32/TP5ADC/MXTmpFiles/system.tmp
2025-04-16 08:48:49,072 [INFO] CodeEngine:319 - oldGeneratedFile, /Users/mathisvalencia/Documents/µP/IDE-STM32/TP5ADC/Core/Inc/stm32l1xx_hal_conf.h_save
2025-04-16 08:48:49,164 [INFO] CodeEngine:343 - Generated code: /Users/mathisvalencia/Documents/µP/IDE-STM32/TP5ADC/Core/Inc/stm32l1xx_hal_conf.h
2025-04-16 08:48:49,243 [INFO] ApiDbMcu:508 - Load IP Config File for TIM3
2025-04-16 08:48:49,246 [WARN] IPConfigManager:3747 - IP not found : TIM
2025-04-16 08:48:49,248 [WARN] CodeGenerator:4198 - IP not found : null
2025-04-16 08:48:49,252 [INFO] CodeEngine:263 - oldGeneratedFile, /Users/mathisvalencia/Documents/µP/IDE-STM32/TP5ADC/Core/Inc/main.h_save
2025-04-16 08:48:49,407 [INFO] CodeEngine:287 - Generated code: /Users/mathisvalencia/Documents/µP/IDE-STM32/TP5ADC/Core/Inc/main.h
2025-04-16 08:48:49,410 [INFO] CodeEngine:263 - oldGeneratedFile, /Users/mathisvalencia/Documents/µP/IDE-STM32/TP5ADC/Core/Src/main.c_save
2025-04-16 08:48:49,596 [INFO] CodeEngine:287 - Generated code: /Users/mathisvalencia/Documents/µP/IDE-STM32/TP5ADC/Core/Src/main.c
2025-04-16 08:48:49,797 [INFO] ProjectBuilder:3324 - Time for Copy HAL[1] : 63mS.
2025-04-16 08:48:49,800 [INFO] ProjectBuilder:4912 - Project Generator version: 4.6.0-B36
2025-04-16 08:48:49,893 [INFO] ConfigFileManager:1590 - The Die is : DIE437
2025-04-16 08:48:52,203 [INFO] ProjectBuilder:5191 - Time for Generating toolchain IDE Files: 2400mS.
2025-04-16 08:48:52,206 [INFO] ProjectBuilder:3181 - Time for Copy CMSIS : 1mS.
2025-04-16 08:48:52,209 [INFO] ProjectBuilder:3181 - Time for Copy CMSIS : 0mS.
2025-04-16 09:27:12,057 [INFO] WebApp:194 - Connection lost
2025-04-16 09:27:18,531 [INFO] WebApp:191 - Connection restablished
2025-04-16 09:55:02,737 [INFO] MainUpdater:2872 - connection check result : 10
2025-04-16 09:55:02,865 [INFO] McuFinderGlobals:76 - Set McuFinderConnectedMode to true
2025-04-16 09:55:02,868 [INFO] MultiScanPanel:200 - Auto-refresh data requested => check proxy status ongoing
2025-04-16 09:55:02,868 [INFO] FinderPluginLoader:95 - Searching for filters in installed packs
2025-04-16 09:55:04,716 [INFO] LoadUrlFilesThread:185 - End of LoadServerUrlFiles without Thread
2025-04-16 09:55:04,728 [INFO] DetailPanel:341 - Set advertising image to /Users/mathisvalencia/STM32Cube/Repository//en.prom-stm32u3-mcu-finder.jpg
2025-04-16 09:55:10,734 [INFO] MultiScanPanel:200 - Auto-refresh data requested => check proxy status ongoing
2025-04-16 09:55:10,921 [INFO] LoadUrlFilesThread:185 - End of LoadServerUrlFiles without Thread
2025-04-16 09:55:10,922 [INFO] DetailPanel:341 - Set advertising image to /Users/mathisvalencia/STM32Cube/Repository//en.prom-stm32u3-mcu-finder.jpg
2025-04-16 09:55:37,680 [INFO] MainUpdater:2872 - connection check result : 10
2025-04-16 09:55:37,681 [INFO] MainUpdater:2872 - connection check result : 10
2025-04-16 09:55:38,100 [INFO] MicroXplorer:468 - Change Database Path : 
2025-04-16 09:55:38,101 [INFO] MicroXplorer:498 - Change Database Version : DB.6.0.140
2025-04-16 09:55:38,164 [ERROR] ProjectManagerView:394 - 
java.lang.NullPointerException: Cannot invoke "javax.swing.JTextField.getText()" because the return value of "java.util.List.get(int)" is null
	at com.st.microxplorer.plugins.projectmanager.gui.ProjectChoiceTab$9.caretUpdate(ProjectChoiceTab.java:2678) ~[filemanager.jar:?]
	at javax.swing.text.JTextComponent.fireCaretUpdate(JTextComponent.java:408) ~[?:?]
	at javax.swing.text.JTextComponent$MutableCaretEvent.fire(JTextComponent.java:4484) ~[?:?]
	at javax.swing.text.JTextComponent$MutableCaretEvent.stateChanged(JTextComponent.java:4506) ~[?:?]
	at javax.swing.text.DefaultCaret.fireStateChanged(DefaultCaret.java:857) ~[?:?]
	at javax.swing.text.DefaultCaret.changeCaretPosition(DefaultCaret.java:1343) ~[?:?]
	at javax.swing.text.DefaultCaret.handleSetDot(DefaultCaret.java:1242) ~[?:?]
	at javax.swing.text.DefaultCaret.setDot(DefaultCaret.java:1223) ~[?:?]
	at javax.swing.text.DefaultCaret$Handler.insertUpdate(DefaultCaret.java:1819) ~[?:?]
	at javax.swing.text.AbstractDocument.fireInsertUpdate(AbstractDocument.java:227) ~[?:?]
	at javax.swing.text.AbstractDocument.handleInsertString(AbstractDocument.java:781) ~[?:?]
	at javax.swing.text.AbstractDocument.insertString(AbstractDocument.java:740) ~[?:?]
	at javax.swing.text.PlainDocument.insertString(PlainDocument.java:131) ~[?:?]
	at javax.swing.text.AbstractDocument.replace(AbstractDocument.java:699) ~[?:?]
	at javax.swing.text.JTextComponent.setText(JTextComponent.java:1725) ~[?:?]
	at com.st.microxplorer.plugins.projectmanager.gui.ProjectChoiceTab.createHeapStackFields(ProjectChoiceTab.java:979) ~[filemanager.jar:?]
	at com.st.microxplorer.plugins.projectmanager.gui.ProjectChoiceTab.buildLinkSettingsPanel(ProjectChoiceTab.java:3766) ~[filemanager.jar:?]
	at com.st.microxplorer.plugins.projectmanager.gui.ProjectChoiceTab.defineWindowsFields(ProjectChoiceTab.java:1962) ~[filemanager.jar:?]
	at com.st.microxplorer.plugins.projectmanager.gui.ProjectChoiceTab.updateSettings(ProjectChoiceTab.java:555) ~[filemanager.jar:?]
	at com.st.microxplorer.plugins.projectmanager.gui.ProjectSettingsPanel.UpdateDialog(ProjectSettingsPanel.java:245) ~[filemanager.jar:?]
	at com.st.microxplorer.plugins.projectmanager.ProjectManagerView.propertyChange(ProjectManagerView.java:391) ~[filemanager.jar:?]
	at java.beans.PropertyChangeSupport.fire(PropertyChangeSupport.java:343) ~[?:?]
	at java.beans.PropertyChangeSupport.firePropertyChange(PropertyChangeSupport.java:335) ~[?:?]
	at java.beans.PropertyChangeSupport.firePropertyChange(PropertyChangeSupport.java:268) ~[?:?]
	at com.st.microxplorer.util.MXPropertyChangeSupport.firePropertyChange(MXPropertyChangeSupport.java:54) ~[STM32CubeMX.jar:?]
	at com.st.microxplorer.mxsystem.MxSystem.closeConfig(MxSystem.java:899) ~[STM32CubeMX.jar:?]
	at com.st.microxplorer.maingui.MainPanel.closeConfig(MainPanel.java:789) ~[STM32CubeMX.jar:?]
	at com.st.microxplorer.plugins.filemanager.engine.OpenFileManager.loadConfigurationFile(OpenFileManager.java:287) ~[filemanager.jar:?]
	at com.st.microxplorer.plugins.filemanager.engine.MainFileManager.userLoadConfig(MainFileManager.java:341) ~[filemanager.jar:?]
	at com.st.microxplorer.plugins.filemanager.FileManagerView.getSpecificTask(FileManagerView.java:250) ~[filemanager.jar:?]
	at com.st.stm32cube.common.mx.editor.CubeMxEditor.getMxTabbedPaneInstance(CubeMxEditor.java:1191) ~[com.st.stm32cube.common.mx_6.14.0.202502271554/:?]
	at com.st.stm32cube.common.mx.editor.CubeMxEditor$12$1.createSwingComponent(CubeMxEditor.java:1068) ~[com.st.stm32cube.common.mx_6.14.0.202502271554/:?]
	at com.st.stm32cube.common.mx.oss.core.awtswtbridge.EmbeddedSwingComposite.doComponentCreation(EmbeddedSwingComposite.java:492) ~[com.st.stm32cube.common.mx.oss_6.14.0.202502271554/:?]
	at com.st.stm32cube.common.mx.oss.core.awtswtbridge.EmbeddedSwingComposite$4.run(EmbeddedSwingComposite.java:291) ~[com.st.stm32cube.common.mx.oss_6.14.0.202502271554/:?]
	at com.st.stm32cube.common.mx.oss.core.awtswtbridge.AwtEnvironment$2.run(AwtEnvironment.java:166) ~[com.st.stm32cube.common.mx.oss_6.14.0.202502271554/:?]
	at java.awt.event.InvocationEvent.dispatch(InvocationEvent.java:318) ~[?:?]
	at java.awt.EventQueue.dispatchEventImpl(EventQueue.java:773) ~[?:?]
	at java.awt.EventQueue$4.run(EventQueue.java:720) ~[?:?]
	at java.awt.EventQueue$4.run(EventQueue.java:714) ~[?:?]
	at java.security.AccessController.doPrivileged(AccessController.java:400) ~[?:?]
	at java.security.ProtectionDomain$JavaSecurityAccessImpl.doIntersectionPrivilege(ProtectionDomain.java:87) ~[?:?]
	at java.awt.EventQueue.dispatchEvent(EventQueue.java:742) ~[?:?]
	at java.awt.EventDispatchThread.pumpOneEventForFilters(EventDispatchThread.java:203) ~[?:?]
	at java.awt.EventDispatchThread.pumpEventsForFilter(EventDispatchThread.java:124) ~[?:?]
	at java.awt.EventDispatchThread.pumpEventsForHierarchy(EventDispatchThread.java:113) ~[?:?]
	at java.awt.EventDispatchThread.pumpEvents(EventDispatchThread.java:109) ~[?:?]
	at java.awt.EventDispatchThread.pumpEvents(EventDispatchThread.java:101) ~[?:?]
	at java.awt.EventDispatchThread.run(EventDispatchThread.java:90) ~[?:?]
2025-04-16 09:55:38,169 [WARN] ThirdParty:871 - waiting for thirdparty lock release [close project]
2025-04-16 09:55:38,170 [INFO] ThirdParty:873 - entering critical section [close project]
2025-04-16 09:55:38,170 [INFO] ThirdParty:883 - exiting critical section [close project]
2025-04-16 09:55:38,174 [INFO] PinOutPanel:1589 - setPackage(No Configuration,No Configuration)
2025-04-16 09:55:38,183 [INFO] UtilMem:75 - Begin LoadConfig() Used Memory: 843666912 Bytes (922746880)
2025-04-16 09:55:38,189 [INFO] OpenFileManager:354 - Change cursor
2025-04-16 09:55:38,280 [INFO] RulesReader:64 - Compatibility file has been processed (301 Rules)
2025-04-16 09:55:38,295 [INFO] ProjectFactory:442 - No CPN specified for board NUCLEO-L152RE => set CPN to STM32L152RET6
2025-04-16 09:55:38,295 [INFO] Mcu:2011 - Initializing MCU STM32L152RETx STM32L152RETx STM32L152RET6
2025-04-16 09:55:39,292 [INFO] Context:756 - Trying to add GPIOservice into a context  which must be forbidden
2025-04-16 09:55:40,215 [INFO] Rule:224 - rule 117617 - U5Cobra4M][GTZC] default value MPCBB3 and MPCBB5 - Not Secured memory - MPCBB1 is applicable
2025-04-16 09:55:40,226 [INFO] Rule:224 - rule 117617 - U5Cobra4M][GTZC] default value MPCBB3 and MPCBB5 - Not Secured memory - MPCBB1 is applicable
2025-04-16 09:55:40,228 [INFO] Rule:224 - rule 117617 - U5Cobra4M][GTZC] default value MPCBB3 and MPCBB5 - Not Secured memory - MPCBB2 is applicable
2025-04-16 09:55:40,228 [INFO] Rule:224 - rule 117617 - U5Cobra4M][GTZC] default value MPCBB3 and MPCBB5 - Not Secured memory - MPCBB2 is applicable
2025-04-16 09:55:40,228 [INFO] Rule:224 - rule 117617 - U5Cobra4M][GTZC] default value MPCBB3 and MPCBB5 - Not Secured memory - MPCBB3 is applicable
2025-04-16 09:55:40,228 [INFO] Rule:224 - rule 117617 - U5Cobra4M][GTZC] default value MPCBB3 and MPCBB5 - Not Secured memory - MPCBB3 is applicable
2025-04-16 09:55:40,228 [INFO] Rule:224 - rule 117617 - U5Cobra4M][GTZC] default value MPCBB3 and MPCBB5 - Not Secured memory - MPCBB4 is applicable
2025-04-16 09:55:40,228 [INFO] Rule:224 - rule 117617 - U5Cobra4M][GTZC] default value MPCBB3 and MPCBB5 - Not Secured memory - MPCBB4 is applicable
2025-04-16 09:55:40,228 [INFO] Rule:224 - rule 117617 - U5Cobra4M][GTZC] default value MPCBB3 and MPCBB5 - Secured memory - MPCBB1 is applicable
2025-04-16 09:55:40,228 [INFO] Rule:224 - rule 117617 - U5Cobra4M][GTZC] default value MPCBB3 and MPCBB5 - Secured memory - MPCBB2 is applicable
2025-04-16 09:55:40,228 [INFO] Rule:224 - rule 117617 - U5Cobra4M][GTZC] default value MPCBB3 and MPCBB5 - Secured memory - MPCBB3 is applicable
2025-04-16 09:55:40,228 [INFO] Rule:224 - rule 117617 - U5Cobra4M][GTZC] default value MPCBB3 and MPCBB5 - Secured memory - MPCBB4 is applicable
2025-04-16 09:55:40,228 [INFO] Rule:224 - rule 117617 - U5Cobra4M][GTZC] default value MPCBB3 and MPCBB5 - Privileged memory - MPCBB1 is applicable
2025-04-16 09:55:40,228 [INFO] Rule:224 - rule 117617 - U5Cobra4M][GTZC] default value MPCBB3 and MPCBB5 - Privileged memory - MPCBB2 is applicable
2025-04-16 09:55:40,228 [INFO] Rule:224 - rule 117617 - U5Cobra4M][GTZC] default value MPCBB3 and MPCBB5 - Privileged memory - MPCBB3 is applicable
2025-04-16 09:55:40,229 [INFO] Rule:224 - rule 117617 - U5Cobra4M][GTZC] default value MPCBB3 and MPCBB5 - Privileged memory - MPCBB4 is applicable
2025-04-16 09:55:40,229 [INFO] Rule:224 - rule 117617 - U5Cobra4M][GTZC] default value MPCBB3 and MPCBB5 - Not Privileged memory - MPCBB1 is applicable
2025-04-16 09:55:40,229 [INFO] Rule:224 - rule 117617 - U5Cobra4M][GTZC] default value MPCBB3 and MPCBB5 - Not Privileged memory - MPCBB2 is applicable
2025-04-16 09:55:40,229 [INFO] Rule:224 - rule 117617 - U5Cobra4M][GTZC] default value MPCBB3 and MPCBB5 - Not Privileged memory - MPCBB3 is applicable
2025-04-16 09:55:40,229 [INFO] Rule:224 - rule 117617 - U5Cobra4M][GTZC] default value MPCBB3 and MPCBB5 - Not Privileged memory - MPCBB4 is applicable
2025-04-16 09:55:40,229 [INFO] Rule:224 - rule 117617 - U5Cobra4M][GTZC] default value MPCBB3 and MPCBB5 - Privileged memory - MPCBB1 is applicable
2025-04-16 09:55:40,229 [INFO] Rule:224 - rule 117617 - U5Cobra4M][GTZC] default value MPCBB3 and MPCBB5 - Privileged memory - MPCBB2 is applicable
2025-04-16 09:55:40,229 [INFO] Rule:224 - rule 117617 - U5Cobra4M][GTZC] default value MPCBB3 and MPCBB5 - Privileged memory - MPCBB3 is applicable
2025-04-16 09:55:40,229 [INFO] Rule:224 - rule 117617 - U5Cobra4M][GTZC] default value MPCBB3 and MPCBB5 - Privileged memory - MPCBB4 is applicable
2025-04-16 09:55:40,229 [INFO] Rule:224 - rule 117617 - U5Cobra4M][GTZC] default value MPCBB3 and MPCBB5 - Privileged memory - MPCBB1 is applicable
2025-04-16 09:55:40,229 [INFO] Rule:224 - rule 117617 - U5Cobra4M][GTZC] default value MPCBB3 and MPCBB5 - Privileged memory - MPCBB2 is applicable
2025-04-16 09:55:40,229 [INFO] Rule:224 - rule 117617 - U5Cobra4M][GTZC] default value MPCBB3 and MPCBB5 - Privileged memory - MPCBB3 is applicable
2025-04-16 09:55:40,229 [INFO] Rule:224 - rule 117617 - U5Cobra4M][GTZC] default value MPCBB3 and MPCBB5 - Privileged memory - MPCBB4 is applicable
2025-04-16 09:55:40,229 [INFO] Rule:224 - rule 117617 - U5Cobra4M][GTZC] default value MPCBB3 and MPCBB5 - Not Privileged memory - MPCBB1 is applicable
2025-04-16 09:55:40,229 [INFO] Rule:224 - rule 117617 - U5Cobra4M][GTZC] default value MPCBB3 and MPCBB5 - Not Privileged memory - MPCBB2 is applicable
2025-04-16 09:55:40,229 [INFO] Rule:224 - rule 117617 - U5Cobra4M][GTZC] default value MPCBB3 and MPCBB5 - Not Privileged memory - MPCBB3 is applicable
2025-04-16 09:55:40,229 [INFO] Rule:224 - rule 117617 - U5Cobra4M][GTZC] default value MPCBB3 and MPCBB5 - Not Privileged memory - MPCBB4 is applicable
2025-04-16 09:55:40,229 [INFO] Rule:224 - rule 117617 - U5Cobra4M][GTZC] default value MPCBB3 and MPCBB5 - Privileged memory - MPCBB1 is applicable
2025-04-16 09:55:40,229 [INFO] Rule:224 - rule 117617 - U5Cobra4M][GTZC] default value MPCBB3 and MPCBB5 - Privileged memory - MPCBB2 is applicable
2025-04-16 09:55:40,229 [INFO] Rule:224 - rule 117617 - U5Cobra4M][GTZC] default value MPCBB3 and MPCBB5 - Privileged memory - MPCBB3 is applicable
2025-04-16 09:55:40,229 [INFO] Rule:224 - rule 117617 - U5Cobra4M][GTZC] default value MPCBB3 and MPCBB5 - Privileged memory - MPCBB4 is applicable
2025-04-16 09:55:40,229 [INFO] Rule:224 - rule Rename SubGHz_Phy SUBGHZ_APPLICATION SUBGHZ_PINGPONG to SUBGHZ_ADV_APPLICATION is applicable
2025-04-16 09:55:40,229 [INFO] Rule:224 - rule Rename Enabled to IBEACON is applicable
2025-04-16 09:55:40,229 [INFO] Rule:224 - rule GTZC_S instance for project manager is applicable
2025-04-16 09:55:40,229 [INFO] Rule:224 - rule GTZC_S instance for context M33S is applicable
2025-04-16 09:55:40,229 [INFO] Rule:224 - rule GTZC_S instance value for IP GTZC is applicable
2025-04-16 09:55:40,229 [INFO] Rule:224 - rule GTZC_S instance for mcu.IP is applicable
2025-04-16 09:55:40,229 [INFO] Rule:224 - rule GTZC_S instance for VP is applicable
2025-04-16 09:55:40,229 [INFO] Rule:224 - rule GTZC_S instance for signal is applicable
2025-04-16 09:55:40,229 [INFO] Rule:224 - rule GTZC_S instance for mcu.Pin is applicable
2025-04-16 09:55:40,229 [INFO] Rule:224 - rule GTZC_S instance for VP is applicable
2025-04-16 09:55:40,229 [INFO] Rule:224 - rule GTZC_S instance for signal is applicable
2025-04-16 09:55:40,229 [INFO] Rule:224 - rule GTZC_S instance for mcu is applicable
2025-04-16 09:55:40,229 [INFO] Rule:224 - rule GTZC_S instance for mcu.Pin is applicable
2025-04-16 09:55:40,229 [INFO] Rule:224 - rule GTZC_S instance value for IP GTZC is applicable
2025-04-16 09:55:40,229 [INFO] Rule:224 - rule GTZC_S instance for project manager is applicable
2025-04-16 09:55:40,229 [INFO] Rule:224 - rule GTZC_S instance for context M33S is applicable
2025-04-16 09:55:40,229 [INFO] Rule:224 - rule GTZC_S instance for VP is applicable
2025-04-16 09:55:40,230 [INFO] Rule:224 - rule GTZC_S instance for signal is applicable
2025-04-16 09:55:40,230 [INFO] Rule:224 - rule SPDIFRX instance for mcu is applicable
2025-04-16 09:55:40,230 [INFO] Rule:224 - rule Rename Tracer Mode is applicable
2025-04-16 09:55:40,230 [INFO] Rule:224 - rule SPDIFRX instance value for IP SPDIFRX is applicable
2025-04-16 09:55:40,230 [INFO] Rule:224 - rule SPDIFRX instance for signal is applicable
2025-04-16 09:55:40,230 [INFO] Rule:224 - rule SPDIFRX instance for project manager is applicable
2025-04-16 09:55:40,230 [INFO] Rule:224 - rule SPDIFRX instance for project manager is applicable
2025-04-16 09:55:40,230 [INFO] Rule:224 - rule ADC Scan  fix with FW F7 is applicable
2025-04-16 09:55:40,230 [INFO] Rule:224 - rule ADC Scan  fix with FW F7 is applicable
2025-04-16 09:55:40,230 [INFO] Rule:224 - rule WakeUp0 Mode is applicable
2025-04-16 09:55:40,230 [INFO] Rule:224 - rule WakeUp0 SIGNAL is applicable
2025-04-16 09:55:40,230 [INFO] Rule:224 - rule WakeUp1 Mode is applicable
2025-04-16 09:55:40,230 [INFO] Rule:224 - rule WakeUp1 SIGNAL is applicable
2025-04-16 09:55:40,230 [INFO] Rule:224 - rule WakeUp2 Mode is applicable
2025-04-16 09:55:40,230 [INFO] Rule:224 - rule WakeUp2 SIGNAL is applicable
2025-04-16 09:55:40,230 [INFO] Rule:224 - rule WakeUp4 Mode is applicable
2025-04-16 09:55:40,230 [INFO] Rule:224 - rule WakeUp4 SIGNAL is applicable
2025-04-16 09:55:40,230 [INFO] Rule:224 - rule WakeUp5 Mode is applicable
2025-04-16 09:55:40,230 [INFO] Rule:224 - rule WakeUp5 SIGNAL is applicable
2025-04-16 09:55:40,230 [INFO] Rule:224 - rule Change Default Value for LSE Drive Capability for WB family is applicable
2025-04-16 09:55:40,230 [INFO] Rule:224 - rule Change Default Value for ADC Clock Prescaler G0 family is applicable
2025-04-16 09:55:40,230 [INFO] Rule:224 - rule Rename DIE462/DIE415 pin PC14/OSC32_IN -> PC14-OSC32_IN (PC14) is applicable
2025-04-16 09:55:40,230 [INFO] Rule:224 - rule Rename DIE462/DIE415 pin PC15/OSC32_OUT -> PC15-OSC32_OUT (PC15) is applicable
2025-04-16 09:55:40,230 [INFO] Rule:224 - rule Rename DIE462/DIE415 pin PH0/OSC_IN -> PH0-OSC_IN (PH0) is applicable
2025-04-16 09:55:40,230 [INFO] Rule:224 - rule Rename DIE462/DIE415 pin PH1/OSC_OUT -> PH1-OSC_OUT (PH1) is applicable
2025-04-16 09:55:40,230 [INFO] Rule:224 - rule Rename DIE462 pin PA13 -> PA13 (JTMS/SWDIO) is applicable
2025-04-16 09:55:40,230 [INFO] Rule:224 - rule Rename DIE415 pin PA13 -> PA13 (JTMS/SWDIO) is applicable
2025-04-16 09:55:40,230 [INFO] Rule:224 - rule Rename DIE462 pin PA14 -> PA14 (JTCK/SWCLK) is applicable
2025-04-16 09:55:40,230 [INFO] Rule:224 - rule Rename DIE415 pin PA14 -> PA14 (JTCK/SWCLK) is applicable
2025-04-16 09:55:40,230 [INFO] Rule:224 - rule Rename DIE462/DIE415 pin PA15 -> PA15 (JTDI) is applicable
2025-04-16 09:55:40,230 [INFO] Rule:224 - rule Rename DIE462 pin PB3 -> PB3 (JTD0/TRACESWO) is applicable
2025-04-16 09:55:40,230 [INFO] Rule:224 - rule Rename DIE415 pin PB3 -> PB3 (JTD0-TRACESWO) is applicable
2025-04-16 09:55:40,230 [INFO] Rule:224 - rule Rename DIE462/DIE415 pin PB4 -> PB4 (NJTRST) is applicable
2025-04-16 09:55:40,230 [INFO] Rule:224 - rule Rename DIE462 pin PH3/BOOT0 -> PH3-BOOT0 (BOOT0) is applicable
2025-04-16 09:55:40,230 [INFO] Rule:224 - rule Rename CRYP DataEncryptionTypesList to Algorithm is applicable
2025-04-16 09:55:40,230 [INFO] Rule:224 - rule Rename AES DataEncryptionTypesList to Algorithm is applicable
2025-04-16 09:55:40,230 [INFO] Rule:224 - rule Rename TDESECB to CRYP_TDES_ECB is applicable
2025-04-16 09:55:40,230 [INFO] Rule:224 - rule Rename TDESCBC to CRYP_TDES_CBC is applicable
2025-04-16 09:55:40,230 [INFO] Rule:224 - rule Rename DESECB to CRYP_DES_ECB is applicable
2025-04-16 09:55:40,230 [INFO] Rule:224 - rule Rename DESCBC to CRYP_DES_CBC is applicable
2025-04-16 09:55:40,230 [INFO] Rule:224 - rule Rename AESECB to CRYP_AES_ECB is applicable
2025-04-16 09:55:40,230 [INFO] Rule:224 - rule Rename AESCBC to CRYP_AES_CBC is applicable
2025-04-16 09:55:40,230 [INFO] Rule:224 - rule Rename AESCTR to CRYP_AES_CTR is applicable
2025-04-16 09:55:40,230 [INFO] Rule:224 - rule Rename AESGCM to CRYP_AES_GCM is applicable
2025-04-16 09:55:40,230 [INFO] Rule:224 - rule Rename AESCCM to CRYP_AES_CCM is applicable
2025-04-16 09:55:40,230 [INFO] Rule:224 - rule Rename CAN TimeSeg1 to BS1 is applicable
2025-04-16 09:55:40,231 [INFO] Rule:224 - rule Rename CAN TimeSeg2 to BS2 is applicable
2025-04-16 09:55:40,231 [INFO] Rule:224 - rule Rename CAN SyncJumpWidth to SJW is applicable
2025-04-16 09:55:40,231 [INFO] Rule:224 - rule TimeTriggeredMode to TTCM is applicable
2025-04-16 09:55:40,231 [INFO] Rule:224 - rule Rename CAN AutoBusOff to ABOM is applicable
2025-04-16 09:55:40,231 [INFO] Rule:224 - rule Rename CAN AutoWakeUp to AWUM is applicable
2025-04-16 09:55:40,231 [INFO] Rule:224 - rule Rename CAN AutoRetransmission to NART is applicable
2025-04-16 09:55:40,231 [INFO] Rule:224 - rule Rename CAN ReceiveFifoLocked to RFLM is applicable
2025-04-16 09:55:40,231 [INFO] Rule:224 - rule Rename CAN TransmitFifoPriority to TXFP is applicable
2025-04-16 09:55:40,231 [INFO] Rule:224 - rule Rename HRTIMER HRTIM_OUTPUTFAULTLEVEL_HIGH in HRTIMER HRTIM_OUTPUTFAULTLEVEL_HIGHZ is applicable
2025-04-16 09:55:40,231 [INFO] Rule:224 - rule Rename TIMER TIM_CLEARINPUTSOURCE_OCREFCLR in  TIMER TIM_CLEARINPUTSOURCE_NONE for F7 family is applicable
2025-04-16 09:55:40,231 [INFO] Rule:224 - rule FDCAN_R1 - Rename FDCAN mode Master into Classic is applicable
2025-04-16 09:55:40,231 [INFO] Rule:224 - rule FDCAN_R2 - Rename FDCAN mode Slave into Classic is applicable
2025-04-16 09:55:40,231 [INFO] Rule:224 - rule FDCAN1_R3 - if PA10.Mode=FullDuplex, add Pin PA12 is applicable
2025-04-16 09:55:40,231 [INFO] Rule:224 - rule FDCAN1_R3 - if PA9.Mode=FullDuplex, add Pin PA11 is applicable
2025-04-16 09:55:40,231 [INFO] Rule:224 - rule FDCAN1_R3 - Alternatepin_1 - if PE1.Mode=FullDuplex, add Pin PB9 is applicable
2025-04-16 09:55:40,231 [INFO] Rule:224 - rule FDCAN1_R3 - Alternatepin_1 - if PE0.Mode=FullDuplex, add Pin PB8 is applicable
2025-04-16 09:55:40,231 [INFO] Rule:224 - rule FDCAN1_R3 - Alternatepin_2 - if PD5.Mode=FullDuplex, add Pin PD1 is applicable
2025-04-16 09:55:40,233 [INFO] Rule:224 - rule FDCAN1_R3 - Alternatepin_2 - if PD4.Mode=FullDuplex, add Pin PD0 is applicable
2025-04-16 09:55:40,233 [INFO] Rule:224 - rule FDCAN1_R4 - Rename Mode FullDuplex into Enable FDCAN_TXFD for pin PA10 is applicable
2025-04-16 09:55:40,233 [INFO] Rule:224 - rule FDCAN1_R4 - Rename Mode FullDuplex into Enable FDCAN_TXFD for pin PA9 is applicable
2025-04-16 09:55:40,233 [INFO] Rule:224 - rule FDCAN1_R4 - Alternatepin_1 - Rename Mode FullDuplex into Enable FDCAN_TXFD for pin PE1 is applicable
2025-04-16 09:55:40,233 [INFO] Rule:224 - rule FDCAN1_R4 - Alternatepin_1 - Rename Mode FullDuplex into Enable FDCAN_TXFD for pin PE0 is applicable
2025-04-16 09:55:40,233 [INFO] Rule:224 - rule FDCAN1_R4 - Alternatepin_2 - Rename Mode FullDuplex into Enable FDCAN_TXFD for pin PD5 is applicable
2025-04-16 09:55:40,233 [INFO] Rule:224 - rule FDCAN1_R4 - Alternatepin_2 - Rename Mode FullDuplex into Enable FDCAN_TXFD for pin PD4 is applicable
2025-04-16 09:55:40,233 [INFO] Rule:224 - rule FDCAN2_R3 - if PD10.Mode=FullDuplex, add Pin PB13 is applicable
2025-04-16 09:55:40,233 [INFO] Rule:224 - rule FDCAN2_R3 - if PD9.Mode=FullDuplex, add Pin PB12 is applicable
2025-04-16 09:55:40,233 [INFO] Rule:224 - rule FDCAN2_R3 - Alternatepin_1 - if PB7.Mode=FullDuplex, add Pin PB6 is applicable
2025-04-16 09:55:40,233 [INFO] Rule:224 - rule FDCAN2_R3 - Alternatepin_1 - if PD9.Mode=FullDuplex, add Pin PB12 is applicable
2025-04-16 09:55:40,233 [INFO] Rule:224 - rule FDCAN2_R4 - Rename Mode FullDuplex into Enable FDCAN_TXFD for pin PD10 is applicable
2025-04-16 09:55:40,233 [INFO] Rule:224 - rule FDCAN2_R4 - Rename Mode FullDuplex into Enable FDCAN_TXFD for pin PD9 is applicable
2025-04-16 09:55:40,233 [INFO] Rule:224 - rule FDCAN2_R4 - Alternatepin_1 - Rename Mode FullDuplex into Enable FDCAN_TXFD for pin PB7 is applicable
2025-04-16 09:55:40,233 [INFO] Rule:224 - rule FDCAN2_R4 - Alternatepin_1 - Rename Mode FullDuplex into Enable FDCAN_TXFD for pin PD6 is applicable
2025-04-16 09:55:40,233 [INFO] Rule:224 - rule USART TxPinLevelInvertParam Mode is applicable
2025-04-16 09:55:40,233 [INFO] Rule:224 - rule USART RxPinLevelInvertParam Mode is applicable
2025-04-16 09:55:40,233 [INFO] Rule:224 - rule USART DataInvertParam Mode is applicable
2025-04-16 09:55:40,233 [INFO] Rule:224 - rule USART SwapParam Mode is applicable
2025-04-16 09:55:40,233 [INFO] Rule:224 - rule USART OverrunDisableParam Mode is applicable
2025-04-16 09:55:40,233 [INFO] Rule:224 - rule USART DMADisableonRxErrorParam Mode is applicable
2025-04-16 09:55:40,233 [INFO] Rule:224 - rule USART MSBFirstParam Mode is applicable
2025-04-16 09:55:40,233 [INFO] Rule:224 - rule Update MwName for USB_DEVICE is applicable
2025-04-16 09:55:40,233 [INFO] Rule:224 - rule Change PWR_Regulator_Voltage_Scale Default Value for RCC  H7 family is applicable
2025-04-16 09:55:40,233 [INFO] Rule:224 - rule UART/USART IPParameter rename Prescaler parameter to ClockPrescaler is applicable
2025-04-16 09:55:40,234 [INFO] Rule:224 - rule UART/USART Prescaler rename Prescaler parameter to ClockPrescaler is applicable
2025-04-16 09:55:40,234 [INFO] Rule:224 - rule TIM1CLockSelection is applicable
2025-04-16 09:55:40,234 [INFO] Rule:224 - rule TIM15CLockSelection is applicable
2025-04-16 09:55:40,234 [INFO] Rule:224 - rule align RCC SDMMC3CLockSelection default value on MP1 is applicable
2025-04-16 09:55:40,234 [INFO] Rule:224 - rule align RCC SDMMC12CLockSelection default value on MP1 is applicable
2025-04-16 09:55:40,234 [INFO] Rule:224 - rule align RCC QSPICLockSelection default value on MP1 is applicable
2025-04-16 09:55:40,234 [INFO] Rule:224 - rule align RCC QSPICLockSelection default value on MP1 is applicable
2025-04-16 09:55:40,234 [INFO] Rule:224 - rule align RCC SPI6CLockSelection default value on MP1 is applicable
2025-04-16 09:55:40,234 [INFO] Rule:224 - rule align RCC LPTIM23CLockSelection default value on MP1 is applicable
2025-04-16 09:55:40,234 [INFO] Rule:224 - rule align RCC LPTIM1CLockSelection default value on MP1 is applicable
2025-04-16 09:55:40,234 [INFO] Rule:224 - rule align RCC USART1CLockSelection default value on MP1 is applicable
2025-04-16 09:55:40,234 [INFO] Rule:224 - rule align RCC USART24CLockSelection default value on MP1 is applicable
2025-04-16 09:55:40,234 [INFO] Rule:224 - rule align RCC USART6CLockSelection default value on MP1 is applicable
2025-04-16 09:55:40,234 [INFO] Rule:224 - rule align RCC UART78CLockSelection default value on MP1 is applicable
2025-04-16 09:55:40,234 [INFO] Rule:224 - rule align RCC USART35CLockSelection default value on MP1 is applicable
2025-04-16 09:55:40,234 [INFO] Rule:224 - rule align RCC SPI45CLockSelection default value on MP1 is applicable
2025-04-16 09:55:40,234 [INFO] Rule:224 - rule align RCC I2C46CLockSelection BCLK value on MP1 is applicable
2025-04-16 09:55:40,234 [INFO] Rule:224 - rule align RCC SPI45CLockSelection default value on MP1 is applicable
2025-04-16 09:55:40,234 [INFO] Rule:224 - rule align RCC I2C12CLockSelection default value on MP1 is applicable
2025-04-16 09:55:40,234 [INFO] Rule:224 - rule align RCC I2C35CLockSelection default value on MP1 is applicable
2025-04-16 09:55:40,234 [INFO] Rule:224 - rule align RCC LPTIM45CLockSelection default value on MP1 is applicable
2025-04-16 09:55:40,234 [INFO] Rule:224 - rule Rename DCMI PIXCK signal is applicable
2025-04-16 09:55:40,234 [INFO] Rule:224 - rule Change Default Value for I2C46CLockSelection MP1 family is applicable
2025-04-16 09:55:40,234 [INFO] Rule:224 - rule Change Default Value for UART for G4, G0 and WB families is applicable
2025-04-16 09:55:40,234 [INFO] Rule:224 - rule Change Default Value for USART for G4, G0 and WB families is applicable
2025-04-16 09:55:40,234 [INFO] Rule:224 - rule Change Default Value for USART for G4 family is applicable
2025-04-16 09:55:40,234 [INFO] Rule:224 - rule Change USART1CLockSelection refparam name for MP1 is applicable
2025-04-16 09:55:40,234 [INFO] Rule:224 - rule Change USART2CLockSelection refparam name for MP1 is applicable
2025-04-16 09:55:40,234 [INFO] Rule:224 - rule Change USART3CLockSelection refparam name for MP1 is applicable
2025-04-16 09:55:40,234 [INFO] Rule:224 - rule Change UART4CLockSelection refparam name for MP1 is applicable
2025-04-16 09:55:40,234 [INFO] Rule:224 - rule Change UART5CLockSelection refparam name for MP1 is applicable
2025-04-16 09:55:40,234 [INFO] Rule:224 - rule Change LPUART1CLockSelection refparam name for MP1 is applicable
2025-04-16 09:55:40,234 [INFO] Rule:224 - rule Change LPTIM1CLockSelection refparam name for MP1 is applicable
2025-04-16 09:55:40,234 [INFO] Rule:224 - rule Change LPTIM2CLockSelection refparam name for MP1 is applicable
2025-04-16 09:55:40,234 [INFO] Rule:224 - rule Change RCC_MCO1Source refparam name for MP1 is applicable
2025-04-16 09:55:40,234 [INFO] Rule:224 - rule Change LSCOSource1 refparam name for MP1 is applicable
2025-04-16 09:55:40,234 [INFO] Rule:224 - rule Change SMPSCLockSelection refparam name for MP1 is applicable
2025-04-16 09:55:40,234 [INFO] Rule:224 - rule Change LPTIM3CLockSelection refparam name for MP1 is applicable
2025-04-16 09:55:40,234 [INFO] Rule:224 - rule Change MPCBB* Default Template Mode to Parameters is applicable
2025-04-16 09:55:40,234 [INFO] Rule:224 - rule Change MPCWM* or MPCBB* Secure Mode to Parameters is applicable
2025-04-16 09:55:40,234 [INFO] Rule:224 - rule Change MPCWM* or MPCBB* No Secure Mode to Parameters is applicable
2025-04-16 09:55:40,234 [INFO] Rule:224 - rule Change TZSC IP Secure Mode to Parameters is applicable
2025-04-16 09:55:40,234 [INFO] Rule:224 - rule Change TZSC IP No Secure Mode to Parameters is applicable
2025-04-16 09:55:40,234 [INFO] Rule:224 - rule Change TZSC IP Privilege Mode to Parameters is applicable
2025-04-16 09:55:40,234 [INFO] Rule:224 - rule Change TZSC IP No Privilege Mode to Parameters is applicable
2025-04-16 09:55:40,234 [INFO] Rule:224 - rule Change TZIC IT Secure Mode to Parameters is applicable
2025-04-16 09:55:40,234 [INFO] Rule:224 - rule Change TZIC IT No Secure Mode to Parameters is applicable
2025-04-16 09:55:40,234 [INFO] Rule:224 - rule Add MPCBB1_NonSecureArea_Start_Address value with referenced to MPCBB1_NonSecureArea_Start value is applicable
2025-04-16 09:55:40,234 [INFO] Rule:224 - rule Add MPCBB2_NonSecureArea_Start_Address value with referenced to MPCBB2_NonSecureArea_Start value is applicable
2025-04-16 09:55:40,234 [INFO] Rule:224 - rule Add MPCWM1_NonSecureArea*_Start_Address value with referenced to MPCWM1_NonSecureArea*_Start value is applicable
2025-04-16 09:55:40,234 [INFO] Rule:224 - rule Add MPCWM2_NonSecureArea*_Start_Address value with referenced to MPCWM2_NonSecureArea*_Start value is applicable
2025-04-16 09:55:40,234 [INFO] Rule:224 - rule Add MPCWM3_NonSecureArea_Start_Address value with referenced to MPCWM3_NonSecureArea_Start value is applicable
2025-04-16 09:55:40,234 [INFO] Rule:224 - rule Change Default Value for PLL1UserDefinedConfig is applicable
2025-04-16 09:55:40,234 [INFO] Rule:224 - rule Change GPIO_PuPd Default Value for USART in async mode is applicable
2025-04-16 09:55:40,234 [INFO] Rule:224 - rule Change SMPSDivider Default Value is applicable
2025-04-16 09:55:40,235 [INFO] Rule:224 - rule OPAMP is applicable
2025-04-16 09:55:40,235 [INFO] Rule:224 - rule LPUART IPParameter rename Prescaler parameter to ClockPrescaler for STM32H7 is applicable
2025-04-16 09:55:40,235 [INFO] Rule:224 - rule LPUART IPParameter rename Prescaler parameter to ClockPrescaler for STM32H7 is applicable
2025-04-16 09:55:40,235 [INFO] Rule:224 - rule LPUART IPParameter rename Prescaler parameter to ClockPrescaler for STM32WB is applicable
2025-04-16 09:55:40,235 [INFO] Rule:224 - rule LPUART IPParameter rename Prescaler parameter to ClockPrescaler for STM32WB is applicable
2025-04-16 09:55:40,235 [INFO] Rule:224 - rule LPUART IPParameter rename Prescaler parameter to ClockPrescaler for STM32G4 is applicable
2025-04-16 09:55:40,235 [INFO] Rule:224 - rule LPUART IPParameter rename Prescaler parameter to ClockPrescaler for STM32G4 is applicable
2025-04-16 09:55:40,235 [INFO] Rule:224 - rule LPUART IPParameter rename Prescaler parameter to ClockPrescaler for STM32L5 is applicable
2025-04-16 09:55:40,235 [INFO] Rule:224 - rule LPUART IPParameter rename Prescaler parameter to ClockPrescaler for STM32L5 is applicable
2025-04-16 09:55:40,235 [INFO] Rule:224 - rule LPUART IPParameter rename Prescaler parameter to ClockPrescaler for STM32G4 is applicable
2025-04-16 09:55:40,235 [INFO] Rule:224 - rule LPUART IPParameter rename Prescaler parameter to ClockPrescaler for STM32G4 is applicable
2025-04-16 09:55:40,235 [INFO] Rule:224 - rule USB device lib V2.5.3 for L0 rename USBD_SUPPORT_USER_STRING parameter to USBD_SUPPORT_USER_STRING_DESC4 is applicable
2025-04-16 09:55:40,235 [INFO] Rule:224 - rule I2SCLockSelection clock entry align is applicable
2025-04-16 09:55:40,235 [INFO] Rule:224 - rule Assign TIMx context if used as SYS timebase is applicable
2025-04-16 09:55:40,235 [INFO] Rule:224 - rule Change GPIO_Pu Default Value for I2C is applicable
2025-04-16 09:55:40,235 [INFO] Rule:224 - rule Change GPIO_Pu Default Value for SMBus is applicable
2025-04-16 09:55:40,235 [INFO] Rule:224 - rule change FDCAN default value is applicable
2025-04-16 09:55:40,235 [INFO] Rule:224 - rule Change mode sai is applicable
2025-04-16 09:55:40,235 [INFO] Rule:224 - rule **Change sai mode is applicable
2025-04-16 09:55:40,235 [INFO] Rule:224 - rule Rename STM32WPAN CFG_BLE_IRK to CFG_BLE_IR is applicable
2025-04-16 09:55:40,235 [INFO] Rule:224 - rule Rename STM32WPAN CFG_BLE_ERK to CFG_BLE_ER is applicable
2025-04-16 09:55:40,235 [INFO] Rule:224 - rule Rename STM32WPAN CFG_BLE_IRK_HEX to CFG_BLE_IR_HEX is applicable
2025-04-16 09:55:40,235 [INFO] Rule:224 - rule Rename STM32WPAN CFG_BLE_ERK_HEX to CFG_BLE_ER_HEX is applicable
2025-04-16 09:55:40,235 [INFO] Rule:224 - rule Adapt Old IOC before rework replace old CORTEX_M33/CORTEX_M55 attributes by the new one. is applicable
2025-04-16 09:55:40,235 [INFO] Rule:224 - rule Rename parametre of RCC RCC_APBDBG_DIV2 to RCC_TIMPRES_DIV2 is applicable
2025-04-16 09:55:40,235 [INFO] Rule:224 - rule Rename DIE493 pin PA10 [PA12] -> PA10 is applicable
2025-04-16 09:55:40,235 [INFO] Rule:224 - rule Rename DIE493 pin PA9 [PA11] -> PA9 is applicable
2025-04-16 09:55:40,246 [INFO] DbConfProperties:307 - Apply Compatibility (21/223 Rules)
2025-04-16 09:55:40,274 [INFO] ImportTextPane:218 - (OptionalMessage_ERROR) Unable to find key (Mcu.ThirdPartyNb) in loaded IOC file
2025-04-16 09:55:40,285 [INFO] ImportTextPane:218 - (OptionalMessage_ERROR) Pin12 (VP_RIF_VS_RIF1) cannot be retrieved for this MCU
2025-04-16 09:55:40,392 [INFO] RtosManager:558 - Registered RTOS mode: class=CMSIS, group=RTOS, mode=CMSIS_V1, owner=FREERTOS
2025-04-16 09:55:40,392 [INFO] RtosManager:558 - Registered RTOS mode: class=CMSIS, group=RTOS2, mode=CMSIS_V2, owner=FREERTOS
2025-04-16 09:55:40,392 [INFO] RtosManager:558 - Registered RTOS mode: class=RTOS, group=Core, mode=CMSIS_V1, owner=FREERTOS
2025-04-16 09:55:40,393 [INFO] RtosManager:558 - Registered RTOS mode: class=RTOS, group=Core, mode=CMSIS_V2, owner=FREERTOS
2025-04-16 09:55:40,393 [WARN] ModelIntegratedComponent:184 - Missing modes for component STMicroelectronics:FreeRTOS:0.0.1:STMicroelectronics:RTOS:FreeRTOS:Core:::10.2.0:
2025-04-16 09:55:40,423 [WARN] ModelIntegratedComponent:63 - No mode defined for component null
2025-04-16 09:55:40,424 [WARN] ModelIntegratedComponent:63 - No mode defined for component null
2025-04-16 09:55:40,424 [WARN] ModelIntegratedComponent:63 - No mode defined for component null
2025-04-16 09:55:40,424 [WARN] ModelIntegratedComponent:63 - No mode defined for component null
2025-04-16 09:55:40,424 [WARN] ModelIntegratedComponent:63 - No mode defined for component null
2025-04-16 09:55:40,424 [WARN] ModelIntegratedComponent:63 - No mode defined for component null
2025-04-16 09:55:40,424 [WARN] ModelIntegratedComponent:63 - No mode defined for component null
2025-04-16 09:55:40,424 [WARN] ModelIntegratedComponent:63 - No mode defined for component null
2025-04-16 09:55:40,424 [WARN] ModelIntegratedComponent:63 - No mode defined for component null
2025-04-16 09:55:40,424 [WARN] ModelIntegratedComponent:63 - No mode defined for component null
2025-04-16 09:55:40,424 [WARN] ModelIntegratedComponent:63 - No mode defined for component null
2025-04-16 09:55:40,424 [WARN] ModelIntegratedComponent:63 - No mode defined for component null
2025-04-16 09:55:40,424 [WARN] ModelIntegratedComponent:63 - No mode defined for component null
2025-04-16 09:55:40,424 [WARN] ModelIntegratedComponent:63 - No mode defined for component null
2025-04-16 09:55:40,424 [WARN] ModelIntegratedComponent:63 - No mode defined for component null
2025-04-16 09:55:40,424 [WARN] ModelIntegratedComponent:63 - No mode defined for component null
2025-04-16 09:55:40,424 [WARN] ModelIntegratedComponent:63 - No mode defined for component null
2025-04-16 09:55:40,424 [WARN] ModelIntegratedComponent:63 - No mode defined for component null
2025-04-16 09:55:40,424 [WARN] ModelIntegratedComponent:63 - No mode defined for component null
2025-04-16 09:55:40,424 [WARN] ModelIntegratedComponent:63 - No mode defined for component null
2025-04-16 09:55:40,424 [WARN] ModelIntegratedComponent:63 - No mode defined for component null
2025-04-16 09:55:40,424 [WARN] ModelIntegratedComponent:63 - No mode defined for component null
2025-04-16 09:55:40,424 [WARN] ModelIntegratedComponent:63 - No mode defined for component null
2025-04-16 09:55:40,425 [WARN] ModelIntegratedComponent:63 - No mode defined for component null
2025-04-16 09:55:40,425 [WARN] ModelIntegratedComponent:63 - No mode defined for component null
2025-04-16 09:55:40,425 [WARN] ModelIntegratedComponent:63 - No mode defined for component null
2025-04-16 09:55:40,425 [WARN] ModelIntegratedComponent:63 - No mode defined for component null
2025-04-16 09:55:40,425 [WARN] ModelIntegratedComponent:63 - No mode defined for component null
2025-04-16 09:55:40,425 [WARN] ModelIntegratedComponent:63 - No mode defined for component null
2025-04-16 09:55:40,425 [WARN] ModelIntegratedComponent:63 - No mode defined for component null
2025-04-16 09:55:40,425 [WARN] ModelIntegratedComponent:63 - No mode defined for component null
2025-04-16 09:55:40,425 [WARN] ModelIntegratedComponent:63 - No mode defined for component null
2025-04-16 09:55:40,425 [WARN] ModelIntegratedComponent:63 - No mode defined for component null
2025-04-16 09:55:40,425 [WARN] ModelIntegratedComponent:63 - No mode defined for component null
2025-04-16 09:55:40,425 [WARN] ModelIntegratedComponent:63 - No mode defined for component null
2025-04-16 09:55:40,426 [WARN] ModelPack:524 - Component already loaded: STMicroelectronics:HAL Drivers:0.0.0:STMicroelectronics:Device:STMicro_Driver:XSPI:HAL::0.0.1:HAL_XSPI
2025-04-16 09:55:40,547 [INFO] ThirdPartyModel:298 - Start build external matchings
2025-04-16 09:55:40,892 [INFO] ThirdPartyModel:316 - End build external matchings
2025-04-16 09:55:40,915 [INFO] ImportTextPane:218 - (OptionalMessage_ERROR) IP (RCC) : Invalid parameter (FamilyName)
2025-04-16 09:55:40,916 [INFO] ImportTextPane:218 - (OptionalMessage_ERROR) IP (RCC) : Parameter (RTCHSEDivFreq_Value) has invalid value (4000000)
2025-04-16 09:55:40,916 [INFO] ImportTextPane:218 - (OptionalMessage_ERROR) IP (RCC) : Invalid parameter (TIMFreq_Value)
2025-04-16 09:55:40,916 [INFO] ImportTextPane:218 - (OptionalMessage_ERROR) IP (RCC) : Invalid parameter (USBOutput)
2025-04-16 09:55:41,168 [INFO] UtilMem:75 - End LoadConfig() Used Memory: 713077688 Bytes (938475520)
2025-04-16 09:55:41,285 [WARN] ThirdParty:833 - waiting for thirdparty lock release [change project]
2025-04-16 09:55:41,294 [INFO] ThirdParty:835 - entering critical section [change project]
2025-04-16 09:55:41,295 [INFO] ThirdParty:1030 - CMSIS Pack Vendor :STMicroelectronics USBPD 4.1
2025-04-16 09:55:41,295 [INFO] ThirdParty:1030 - CMSIS Pack Vendor :STMicroelectronics X-CUBE-AZRTOS-H7 3.3.0
2025-04-16 09:55:41,295 [INFO] ThirdParty:1030 - CMSIS Pack Vendor :STMicroelectronics X-CUBE-NFC9 1.0.0
2025-04-16 09:55:41,295 [INFO] ThirdParty:1030 - CMSIS Pack Vendor :STMicroelectronics USB_HOST 2.0.0
2025-04-16 09:55:41,295 [INFO] ThirdParty:1030 - CMSIS Pack Vendor :STMicroelectronics FP-SNS-MOTENVWB1 1.4.0
2025-04-16 09:55:41,295 [INFO] ThirdParty:1030 - CMSIS Pack Vendor :STMicroelectronics X-CUBE-AZRTOS-F4 1.1.0
2025-04-16 09:55:41,295 [INFO] ThirdParty:1030 - CMSIS Pack Vendor :STMicroelectronics LIBJPEG 8.0.0
2025-04-16 09:55:41,295 [INFO] ThirdParty:1030 - CMSIS Pack Vendor :STMicroelectronics FP-ATR-ASTRA1 2.0.2
2025-04-16 09:55:41,295 [INFO] ThirdParty:1030 - CMSIS Pack Vendor :STMicroelectronics X-CUBE-BLE1 7.1.0
2025-04-16 09:55:41,295 [INFO] ThirdParty:1030 - CMSIS Pack Vendor :STMicroelectronics X-CUBE-SMBUS 2.1.0
2025-04-16 09:55:41,295 [INFO] ThirdParty:1030 - CMSIS Pack Vendor :STMicroelectronics X-CUBE-WB05N 1.1.0
2025-04-16 09:55:41,295 [INFO] ThirdParty:1030 - CMSIS Pack Vendor :wolfSSL I-CUBE-wolfMQTT 1.19.2
2025-04-16 09:55:41,295 [INFO] ThirdParty:1030 - CMSIS Pack Vendor :STMicroelectronics USB_DEVICE 3.0.0
2025-04-16 09:55:41,295 [INFO] ThirdParty:1030 - CMSIS Pack Vendor :STMicroelectronics X-CUBE-ISPU 2.1.0
2025-04-16 09:55:41,295 [INFO] ThirdParty:1030 - CMSIS Pack Vendor :STMicroelectronics X-CUBE-AZRTOS-WB 2.0.0
2025-04-16 09:55:41,295 [INFO] ThirdParty:1030 - CMSIS Pack Vendor :STMicroelectronics X-CUBE-GNSS1 7.0.1
2025-04-16 09:55:41,295 [INFO] ThirdParty:1030 - CMSIS Pack Vendor :STMicroelectronics X-CUBE-AZRTOS-F7 1.1.0
2025-04-16 09:55:41,295 [INFO] ThirdParty:1030 - CMSIS Pack Vendor :STMicroelectronics X-CUBE-AZRTOS-L5 2.0.0
2025-04-16 09:55:41,295 [INFO] ThirdParty:1030 - CMSIS Pack Vendor :STMicroelectronics X-CUBE-TOUCHGFX 4.25.0
2025-04-16 09:55:41,295 [INFO] ThirdParty:1030 - CMSIS Pack Vendor :STMicroelectronics USB_DEVICE 2.0.0
2025-04-16 09:55:41,295 [INFO] ThirdParty:1030 - CMSIS Pack Vendor :STMicroelectronics X-CUBE-NFC6 3.1.0
2025-04-16 09:55:41,295 [INFO] ThirdParty:1030 - CMSIS Pack Vendor :STMicroelectronics FP-SNS-STBOX1 2.0.0
2025-04-16 09:55:41,295 [INFO] ThirdParty:1030 - CMSIS Pack Vendor :STMicroelectronics FreeRTOS 0.0.1
2025-04-16 09:55:41,295 [INFO] ThirdParty:1030 - CMSIS Pack Vendor :STMicroelectronics X-CUBE-AZRTOS-G0 1.1.0
2025-04-16 09:55:41,295 [INFO] ThirdParty:1030 - CMSIS Pack Vendor :STMicroelectronics X-CUBE-SAFEA1 1.2.2
2025-04-16 09:55:41,295 [INFO] ThirdParty:1030 - CMSIS Pack Vendor :STMicroelectronics X-CUBE-NFC4 3.0.0
2025-04-16 09:55:41,295 [INFO] ThirdParty:1030 - CMSIS Pack Vendor :STMicroelectronics X-CUBE-DPower 1.2.0
2025-04-16 09:55:41,295 [INFO] ThirdParty:1030 - CMSIS Pack Vendor :STMicroelectronics X-CUBE-SUBG2 5.0.0
2025-04-16 09:55:41,295 [INFO] ThirdParty:1030 - CMSIS Pack Vendor :STMicroelectronics X-CUBE-AZRTOS-H7RS 1.1.0
2025-04-16 09:55:41,295 [INFO] ThirdParty:1030 - CMSIS Pack Vendor :STMicroelectronics STM32_WPAN 1.0.0
2025-04-16 09:55:41,295 [INFO] ThirdParty:1030 - CMSIS Pack Vendor :EmbeddedOffice I-CUBE-FS-RTOS 1.0.1
2025-04-16 09:55:41,295 [INFO] ThirdParty:1030 - CMSIS Pack Vendor :STMicroelectronics lwIP 2.0.3
2025-04-16 09:55:41,295 [INFO] ThirdParty:1030 - CMSIS Pack Vendor :Cesanta I-CUBE-Mongoose 7.13.0
2025-04-16 09:55:41,295 [INFO] ThirdParty:1030 - CMSIS Pack Vendor :STMicroelectronics USB_HOST 1.0.0
2025-04-16 09:55:41,295 [INFO] ThirdParty:1030 - CMSIS Pack Vendor :Infineon AIROC-Wi-Fi-Bluetooth-STM32 1.7.0
2025-04-16 09:55:41,295 [INFO] ThirdParty:1030 - CMSIS Pack Vendor :STMicroelectronics X-CUBE-AZRTOS-G4 2.0.0
2025-04-16 09:55:41,295 [INFO] ThirdParty:1030 - CMSIS Pack Vendor :STMicroelectronics PDM2PCM 3.1.0
2025-04-16 09:55:41,295 [INFO] ThirdParty:1030 - CMSIS Pack Vendor :STMicroelectronics PDM2PCM 3.3.0
2025-04-16 09:55:41,295 [INFO] ThirdParty:1030 - CMSIS Pack Vendor :wolfSSL I-CUBE-wolfTPM 3.8.0
2025-04-16 09:55:41,295 [INFO] ThirdParty:1030 - CMSIS Pack Vendor :STMicroelectronics X-CUBE-DISPLAY 3.0.0
2025-04-16 09:55:41,295 [INFO] ThirdParty:1030 - CMSIS Pack Vendor :wolfSSL I-CUBE-wolfSSH 1.4.20
2025-04-16 09:55:41,295 [INFO] ThirdParty:1030 - CMSIS Pack Vendor :STMicroelectronics X-CUBE-TCPP 4.2.0
2025-04-16 09:55:41,295 [INFO] ThirdParty:1030 - CMSIS Pack Vendor :RealThread X-CUBE-RT-Thread_Nano 4.1.1
2025-04-16 09:55:41,295 [INFO] ThirdParty:1030 - CMSIS Pack Vendor :STMicroelectronics FP-ATR-SIGFOX1 3.2.0
2025-04-16 09:55:41,295 [INFO] ThirdParty:1030 - CMSIS Pack Vendor :STMicroelectronics X-CUBE-NFC10 1.0.0
2025-04-16 09:55:41,295 [INFO] ThirdParty:1030 - CMSIS Pack Vendor :STMicroelectronics X-CUBE-BLEMGR 4.0.0
2025-04-16 09:55:41,295 [INFO] ThirdParty:1030 - CMSIS Pack Vendor :STMicroelectronics X-CUBE-EEPRMA1 5.1.0
2025-04-16 09:55:41,295 [INFO] ThirdParty:1030 - CMSIS Pack Vendor :STMicroelectronics HAL Drivers 0.0.0
2025-04-16 09:55:41,295 [INFO] ThirdParty:1030 - CMSIS Pack Vendor :STMicroelectronics MBEDTLS 2.16.2
2025-04-16 09:55:41,295 [INFO] ThirdParty:1030 - CMSIS Pack Vendor :STMicroelectronics X-CUBE-IPS 3.1.0
2025-04-16 09:55:41,296 [INFO] ThirdParty:1030 - CMSIS Pack Vendor :STMicroelectronics X-CUBE-ALS 1.0.2
2025-04-16 09:55:41,296 [INFO] ThirdParty:1030 - CMSIS Pack Vendor :emotas I-CUBE-CANOPEN 1.3.0
2025-04-16 09:55:41,296 [INFO] ThirdParty:1030 - CMSIS Pack Vendor :STMicroelectronics X-CUBE-FREERTOS 1.3.0
2025-04-16 09:55:41,296 [INFO] ThirdParty:1030 - CMSIS Pack Vendor :STMicroelectronics X-CUBE-NFC7 1.0.1
2025-04-16 09:55:41,296 [INFO] ThirdParty:1030 - CMSIS Pack Vendor :STMicroelectronics MBEDTLS 2.14.1
2025-04-16 09:55:41,296 [INFO] ThirdParty:1030 - CMSIS Pack Vendor :wolfSSL I-CUBE-wolfSSL 5.7.6
2025-04-16 09:55:41,296 [INFO] ThirdParty:1030 - CMSIS Pack Vendor :ITTIA_DB I-CUBE-ITTIADB 8.9.0
2025-04-16 09:55:41,296 [INFO] ThirdParty:1030 - CMSIS Pack Vendor :portGmbH I-Cube-SoM-uGOAL 1.1.0
2025-04-16 09:55:41,296 [INFO] ThirdParty:1030 - CMSIS Pack Vendor :quantropi X-CUBE-qispace-sdk-base 2.0.0
2025-04-16 09:55:41,296 [INFO] ThirdParty:1030 - CMSIS Pack Vendor :STMicroelectronics X-CUBE-AI 10.0.0
2025-04-16 09:55:41,296 [INFO] ThirdParty:1030 - CMSIS Pack Vendor :STMicroelectronics ThreadX 1.0.0
2025-04-16 09:55:41,296 [INFO] ThirdParty:1030 - CMSIS Pack Vendor :STMicroelectronics FP-SNS-SMARTAG2 1.2.0
2025-04-16 09:55:41,296 [INFO] ThirdParty:1030 - CMSIS Pack Vendor :STMicroelectronics FP-SNS-FLIGHT1 5.1.0
2025-04-16 09:55:41,296 [INFO] ThirdParty:1030 - CMSIS Pack Vendor :STMicroelectronics X-CUBE-MEMS1 11.1.0
2025-04-16 09:55:41,296 [INFO] ThirdParty:1030 - CMSIS Pack Vendor :STMicroelectronics X-CUBE-AZRTOS-WL 2.0.0
2025-04-16 09:55:41,296 [INFO] ThirdParty:1030 - CMSIS Pack Vendor :SEGGER I-CUBE-embOS 1.3.1
2025-04-16 09:55:41,296 [INFO] ThirdParty:1030 - CMSIS Pack Vendor :STMicroelectronics X-CUBE-ALGOBUILD 1.4.0
2025-04-16 09:55:41,296 [INFO] ThirdParty:1030 - CMSIS Pack Vendor :STMicroelectronics X-CUBE-DPower 1.3.0
2025-04-16 09:55:41,296 [INFO] ThirdParty:1030 - CMSIS Pack Vendor :STMicroelectronics FP-SNS-MOTENV1 5.0.0
2025-04-16 09:55:41,296 [INFO] ThirdParty:1030 - CMSIS Pack Vendor :STMicroelectronics USB_DEVICE 1.0.0
2025-04-16 09:55:41,296 [INFO] ThirdParty:1030 - CMSIS Pack Vendor :STMicroelectronics X-CUBE-AZRTOS-H7RS 1.0.0
2025-04-16 09:55:41,296 [INFO] ThirdParty:1030 - CMSIS Pack Vendor :STMicroelectronics X-CUBE-AZRTOS-L4 2.0.0
2025-04-16 09:55:41,296 [INFO] ThirdParty:1030 - CMSIS Pack Vendor :STMicroelectronics ThreadX 0.0.2
2025-04-16 09:55:41,296 [INFO] ThirdParty:1030 - CMSIS Pack Vendor :WES I-CUBE-Cesium 1.3.0
2025-04-16 09:55:41,296 [INFO] ThirdParty:1030 - CMSIS Pack Vendor :STMicroelectronics lwIP 2.1.2
2025-04-16 09:55:41,296 [INFO] ThirdParty:1030 - CMSIS Pack Vendor :STMicroelectronics X-CUBE-SFXS2LP1 4.0.0
2025-04-16 09:55:41,296 [INFO] ThirdParty:1030 - CMSIS Pack Vendor :STMicroelectronics X-CUBE-BLE2 3.3.0
2025-04-16 09:55:41,296 [INFO] ThirdParty:1030 - CMSIS Pack Vendor :STMicroelectronics X-CUBE-TOF1 3.4.2
2025-04-16 09:55:41,296 [INFO] ThirdParty:1030 - CMSIS Pack Vendor :STMicroelectronics PDM2PCM 3.2.0
2025-04-16 09:55:41,297 [INFO] ThirdParty:841 - exiting critical section [change project]
2025-04-16 09:55:41,865 [INFO] PinOutPanel:1589 - setPackage(No Configuration,No Configuration)
2025-04-16 09:55:41,871 [INFO] PinOutPanel:1589 - setPackage(STM32L152RETx,LQFP64)
2025-04-16 09:55:42,374 [INFO] UtilMem:75 - Before build in PCC Used Memory: 386626632 Bytes (938475520)
2025-04-16 09:55:42,859 [INFO] UtilMem:75 - After build in PCC Used Memory: 435909704 Bytes (938475520)
2025-04-16 09:55:42,889 [INFO] IPUIPlugin:80 - create IPUIPlugin
2025-04-16 09:55:42,889 [INFO] IPUIPlugin:80 - create IPUIPlugin
2025-04-16 09:55:42,890 [INFO] IPUIPlugin:80 - create IPUIPlugin
2025-04-16 09:55:42,890 [INFO] IPUIPlugin:80 - create IPUIPlugin
2025-04-16 09:55:42,890 [INFO] IPUIPlugin:80 - create IPUIPlugin
2025-04-16 09:55:42,890 [INFO] IPUIPlugin:80 - create IPUIPlugin
2025-04-16 09:55:42,890 [INFO] IPUIPlugin:80 - create IPUIPlugin
2025-04-16 09:55:42,890 [INFO] IPUIPlugin:80 - create IPUIPlugin
2025-04-16 09:55:42,891 [INFO] IPUIPlugin:80 - create IPUIPlugin
2025-04-16 09:55:42,891 [INFO] IPUIPlugin:80 - create IPUIPlugin
2025-04-16 09:55:42,891 [INFO] IPUIPlugin:80 - create IPUIPlugin
2025-04-16 09:55:42,891 [INFO] IPUIPlugin:80 - create IPUIPlugin
2025-04-16 09:55:42,891 [INFO] IPUIPlugin:80 - create IPUIPlugin
2025-04-16 09:55:42,891 [INFO] IPUIPlugin:80 - create IPUIPlugin
2025-04-16 09:55:42,891 [INFO] IPUIPlugin:80 - create IPUIPlugin
2025-04-16 09:55:42,892 [INFO] IPUIPlugin:80 - create IPUIPlugin
2025-04-16 09:55:42,892 [INFO] IPUIPlugin:80 - create IPUIPlugin
2025-04-16 09:55:42,892 [INFO] IPUIPlugin:80 - create IPUIPlugin
2025-04-16 09:55:42,892 [INFO] IPUIPlugin:80 - create IPUIPlugin
2025-04-16 09:55:42,894 [INFO] IPUIPlugin:80 - create IPUIPlugin
2025-04-16 09:55:42,894 [INFO] IPUIPlugin:80 - create IPUIPlugin
2025-04-16 09:55:42,894 [INFO] IPUIPlugin:80 - create IPUIPlugin
2025-04-16 09:55:42,894 [INFO] IPUIPlugin:80 - create IPUIPlugin
2025-04-16 09:55:42,894 [INFO] IPUIPlugin:80 - create IPUIPlugin
2025-04-16 09:55:42,894 [INFO] IPUIPlugin:80 - create IPUIPlugin
2025-04-16 09:55:42,894 [INFO] IPUIPlugin:80 - create IPUIPlugin
2025-04-16 09:55:42,894 [INFO] IPUIPlugin:80 - create IPUIPlugin
2025-04-16 09:55:42,894 [INFO] IPUIPlugin:80 - create IPUIPlugin
2025-04-16 09:55:42,894 [INFO] IPUIPlugin:80 - create IPUIPlugin
2025-04-16 09:55:42,895 [INFO] IPUIPlugin:80 - create IPUIPlugin
2025-04-16 09:55:42,895 [INFO] IPUIPlugin:80 - create IPUIPlugin
2025-04-16 09:55:42,895 [INFO] IPUIPlugin:80 - create IPUIPlugin
2025-04-16 09:55:42,895 [INFO] IPUIPlugin:80 - create IPUIPlugin
2025-04-16 09:55:42,895 [INFO] IPUIPlugin:80 - create IPUIPlugin
2025-04-16 09:55:42,895 [INFO] IPUIPlugin:80 - create IPUIPlugin
2025-04-16 09:55:42,895 [INFO] IPUIPlugin:80 - create IPUIPlugin
2025-04-16 09:55:42,896 [INFO] IPUIPlugin:80 - create IPUIPlugin
2025-04-16 09:55:42,897 [INFO] IPUIPlugin:80 - create IPUIPlugin
2025-04-16 09:55:42,897 [INFO] IPUIPlugin:80 - create IPUIPlugin
2025-04-16 09:55:42,897 [INFO] IPUIPlugin:80 - create IPUIPlugin
2025-04-16 09:55:42,897 [INFO] IPUIPlugin:80 - create IPUIPlugin
2025-04-16 09:55:42,897 [INFO] IPUIPlugin:80 - create IPUIPlugin
2025-04-16 09:55:42,897 [INFO] IPUIPlugin:80 - create IPUIPlugin
2025-04-16 09:55:42,993 [INFO] CADModel:165 - CPN selected for project levelSTM32L152RET6
2025-04-16 09:55:42,993 [INFO] CADModel:114 - Register for checkConnection events
2025-04-16 09:55:43,036 [INFO] OpenFileManager:385 - Restore cursor
2025-04-16 09:55:43,987 [INFO] UtilMem:75 - End SaveConfig() Used Memory: 554921032 Bytes (938475520)
2025-04-16 09:55:44,061 [INFO] UtilMem:75 - End SaveConfig() Used Memory: 574843976 Bytes (938475520)
2025-04-16 09:55:45,098 [INFO] BlockDiagram:2775 - set Specific Code input for plugin: NVIC
2025-04-16 09:55:45,120 [INFO] BlockDiagram:2775 - set Specific Code input for plugin: USART
2025-04-16 09:55:45,123 [INFO] BlockDiagram:2775 - set Specific Code input for plugin: SYS
2025-04-16 09:55:45,123 [INFO] BlockDiagram:2775 - set Specific Code input for plugin: GPIO
2025-04-16 09:55:45,123 [INFO] BlockDiagram:2775 - set Specific Code input for plugin: RCC
2025-04-16 09:55:45,126 [INFO] CodeGenerator:882 - code generatio: config db path: /Applications/STM32CubeIDE.app/Contents/Eclipse/plugins/com.st.stm32cube.common.mx_6.14.0.202502271554//db/
2025-04-16 09:55:45,336 [INFO] CodeEngine:263 - oldGeneratedFile, /Users/mathisvalencia/Documents/µP/IDE-STM32/TP06/MXTmpFiles/license.tmp_save
2025-04-16 09:55:45,737 [INFO] CodeEngine:287 - Generated code: /Users/mathisvalencia/Documents/µP/IDE-STM32/TP06/MXTmpFiles/license.tmp
2025-04-16 09:55:45,801 [INFO] CodeEngine:263 - oldGeneratedFile, /Users/mathisvalencia/Documents/µP/IDE-STM32/TP06/MXTmpFiles/gpio.tmp_save
2025-04-16 09:55:45,966 [INFO] CodeEngine:287 - Generated code: /Users/mathisvalencia/Documents/µP/IDE-STM32/TP06/MXTmpFiles/gpio.tmp
2025-04-16 09:55:46,047 [INFO] CodeEngine:263 - oldGeneratedFile, /Users/mathisvalencia/Documents/µP/IDE-STM32/TP06/Core/Src/stm32l1xx_it.c_save
2025-04-16 09:55:46,336 [INFO] CodeEngine:287 - Generated code: /Users/mathisvalencia/Documents/µP/IDE-STM32/TP06/Core/Src/stm32l1xx_it.c
2025-04-16 09:55:46,338 [INFO] CodeEngine:263 - oldGeneratedFile, /Users/mathisvalencia/Documents/µP/IDE-STM32/TP06/Core/Inc/stm32l1xx_it.h_save
2025-04-16 09:55:46,441 [INFO] CodeEngine:287 - Generated code: /Users/mathisvalencia/Documents/µP/IDE-STM32/TP06/Core/Inc/stm32l1xx_it.h
2025-04-16 09:55:46,447 [INFO] CodeEngine:263 - oldGeneratedFile, /Users/mathisvalencia/Documents/µP/IDE-STM32/TP06/Core/Src/stm32l1xx_hal_msp.c_save
2025-04-16 09:55:46,619 [INFO] CodeEngine:287 - Generated code: /Users/mathisvalencia/Documents/µP/IDE-STM32/TP06/Core/Src/stm32l1xx_hal_msp.c
2025-04-16 09:55:46,620 [INFO] CodeEngine:263 - oldGeneratedFile, /Users/mathisvalencia/Documents/µP/IDE-STM32/TP06/MXTmpFiles/system.tmp_save
2025-04-16 09:55:46,700 [INFO] CodeEngine:287 - Generated code: /Users/mathisvalencia/Documents/µP/IDE-STM32/TP06/MXTmpFiles/system.tmp
2025-04-16 09:55:46,705 [INFO] CodeEngine:319 - oldGeneratedFile, /Users/mathisvalencia/Documents/µP/IDE-STM32/TP06/Core/Inc/stm32l1xx_hal_conf.h_save
2025-04-16 09:55:46,812 [INFO] CodeEngine:343 - Generated code: /Users/mathisvalencia/Documents/µP/IDE-STM32/TP06/Core/Inc/stm32l1xx_hal_conf.h
2025-04-16 09:55:46,840 [INFO] ApiDbMcu:508 - Load IP Config File for USART2
2025-04-16 09:55:46,842 [INFO] ApiDbMcu:508 - Load IP Config File for RCC
2025-04-16 09:55:46,847 [INFO] CodeEngine:263 - oldGeneratedFile, /Users/mathisvalencia/Documents/µP/IDE-STM32/TP06/Core/Inc/main.h_save
2025-04-16 09:55:47,035 [INFO] CodeEngine:287 - Generated code: /Users/mathisvalencia/Documents/µP/IDE-STM32/TP06/Core/Inc/main.h
2025-04-16 09:55:47,038 [INFO] CodeEngine:263 - oldGeneratedFile, /Users/mathisvalencia/Documents/µP/IDE-STM32/TP06/Core/Src/main.c_save
2025-04-16 09:55:47,171 [INFO] CodeEngine:287 - Generated code: /Users/mathisvalencia/Documents/µP/IDE-STM32/TP06/Core/Src/main.c
2025-04-16 09:55:47,362 [INFO] ProjectBuilder:3324 - Time for Copy HAL[1] : 50mS.
2025-04-16 09:55:47,366 [INFO] ProjectBuilder:4912 - Project Generator version: 4.6.0-B36
2025-04-16 09:55:47,449 [INFO] ConfigFileManager:1590 - The Die is : DIE437
2025-04-16 09:55:47,459 [INFO] ApiDbMcu:508 - Load IP Config File for FATFS
2025-04-16 09:55:47,471 [INFO] ApiDbMcu:508 - Load IP Config File for FREERTOS
2025-04-16 09:55:47,480 [INFO] ApiDbMcu:508 - Load IP Config File for TOUCHSENSING
2025-04-16 09:55:47,489 [INFO] ApiDbMcu:508 - Load IP Config File for USB_DEVICE
2025-04-16 09:55:50,199 [INFO] ProjectBuilder:5191 - Time for Generating toolchain IDE Files: 2832mS.
2025-04-16 09:55:50,200 [INFO] ProjectBuilder:3181 - Time for Copy CMSIS : 1mS.
2025-04-16 09:55:50,200 [INFO] ProjectBuilder:3181 - Time for Copy CMSIS : 0mS.
2025-04-16 09:55:51,226 [INFO] McuFinderGlobals:76 - Set McuFinderConnectedMode to true
2025-04-16 09:55:51,236 [INFO] ApiDb:448 - Save user favorites file /Users/mathisvalencia/.stm32cubeide/favorites.mcus.txt: 1 item(s)
2025-04-16 09:55:51,236 [INFO] ApiDb:452 - User favorites MCUs=[STM32L152RET6]
2025-04-16 09:55:51,244 [INFO] ApiDb:448 - Save user favorites file /Users/mathisvalencia/.stm32cubeide/favorites.boards.txt: 0 item(s)
2025-04-16 09:55:51,244 [INFO] ApiDb:452 - User favorites Boards=[]
2025-04-16 09:58:48,879 [INFO] Gpio:277 - dependency for GPIO [RCC, SPI1, SYS, USART2]
2025-04-16 09:59:26,388 [INFO] Pin:2347 - value.trim() 1SPI_CS
2025-04-16 09:59:26,390 [INFO] Pin:2348 - Pin value PA8
2025-04-16 10:29:46,855 [INFO] Gpio:277 - dependency for GPIO [RCC, SPI1, SYS, USART2]
2025-04-16 10:34:38,048 [INFO] Gpio:277 - dependency for GPIO [RCC, SPI1, SYS, USART2]
2025-04-16 10:34:40,648 [INFO] NvicIntPanel:101 - NVIC parent = com.st.microxplorer.plugins.ip.nvic.MultiNvicIntPanel[,2,42,370x312,layout=javax.swing.BoxLayout,alignmentX=0.0,alignmentY=0.0,border=,flags=9,maximumSize=,minimumSize=,preferredSize=]
2025-04-16 10:38:11,523 [INFO] UtilMem:75 - End SaveConfig() Used Memory: 354284152 Bytes (938475520)
2025-04-16 10:38:14,115 [INFO] UtilMem:75 - End SaveConfig() Used Memory: 482454712 Bytes (938475520)
2025-04-16 10:38:15,497 [INFO] BlockDiagram:2775 - set Specific Code input for plugin: SPI
2025-04-16 10:38:15,507 [INFO] BlockDiagram:2775 - set Specific Code input for plugin: NVIC
2025-04-16 10:38:15,507 [INFO] BlockDiagram:2775 - set Specific Code input for plugin: USART
2025-04-16 10:38:15,508 [INFO] BlockDiagram:2775 - set Specific Code input for plugin: SYS
2025-04-16 10:38:15,510 [INFO] BlockDiagram:2775 - set Specific Code input for plugin: GPIO
2025-04-16 10:38:15,512 [INFO] BlockDiagram:2775 - set Specific Code input for plugin: RCC
2025-04-16 10:38:15,518 [INFO] CodeGenerator:882 - code generatio: config db path: /Applications/STM32CubeIDE.app/Contents/Eclipse/plugins/com.st.stm32cube.common.mx_6.14.0.202502271554//db/
2025-04-16 10:38:15,889 [INFO] CodeEngine:263 - oldGeneratedFile, /Users/mathisvalencia/Documents/µP/IDE-STM32/TP06/MXTmpFiles/license.tmp_save
2025-04-16 10:38:16,594 [INFO] CodeEngine:287 - Generated code: /Users/mathisvalencia/Documents/µP/IDE-STM32/TP06/MXTmpFiles/license.tmp
2025-04-16 10:38:16,632 [INFO] CodeEngine:263 - oldGeneratedFile, /Users/mathisvalencia/Documents/µP/IDE-STM32/TP06/MXTmpFiles/gpio.tmp_save
2025-04-16 10:38:16,813 [INFO] CodeEngine:287 - Generated code: /Users/mathisvalencia/Documents/µP/IDE-STM32/TP06/MXTmpFiles/gpio.tmp
2025-04-16 10:38:16,990 [INFO] CodeEngine:263 - oldGeneratedFile, /Users/mathisvalencia/Documents/µP/IDE-STM32/TP06/Core/Src/stm32l1xx_it.c_save
2025-04-16 10:38:17,378 [INFO] CodeEngine:287 - Generated code: /Users/mathisvalencia/Documents/µP/IDE-STM32/TP06/Core/Src/stm32l1xx_it.c
2025-04-16 10:38:17,385 [INFO] CodeEngine:263 - oldGeneratedFile, /Users/mathisvalencia/Documents/µP/IDE-STM32/TP06/Core/Inc/stm32l1xx_it.h_save
2025-04-16 10:38:17,490 [INFO] CodeEngine:287 - Generated code: /Users/mathisvalencia/Documents/µP/IDE-STM32/TP06/Core/Inc/stm32l1xx_it.h
2025-04-16 10:38:17,498 [INFO] CodeEngine:263 - oldGeneratedFile, /Users/mathisvalencia/Documents/µP/IDE-STM32/TP06/Core/Src/stm32l1xx_hal_msp.c_save
2025-04-16 10:38:17,701 [INFO] CodeEngine:287 - Generated code: /Users/mathisvalencia/Documents/µP/IDE-STM32/TP06/Core/Src/stm32l1xx_hal_msp.c
2025-04-16 10:38:17,703 [INFO] CodeEngine:263 - oldGeneratedFile, /Users/mathisvalencia/Documents/µP/IDE-STM32/TP06/MXTmpFiles/system.tmp_save
2025-04-16 10:38:17,792 [INFO] CodeEngine:287 - Generated code: /Users/mathisvalencia/Documents/µP/IDE-STM32/TP06/MXTmpFiles/system.tmp
2025-04-16 10:38:17,800 [INFO] CodeEngine:319 - oldGeneratedFile, /Users/mathisvalencia/Documents/µP/IDE-STM32/TP06/Core/Inc/stm32l1xx_hal_conf.h_save
2025-04-16 10:38:17,888 [INFO] CodeEngine:343 - Generated code: /Users/mathisvalencia/Documents/µP/IDE-STM32/TP06/Core/Inc/stm32l1xx_hal_conf.h
2025-04-16 10:38:17,930 [INFO] ApiDbMcu:508 - Load IP Config File for SPI1
2025-04-16 10:38:17,943 [INFO] CodeEngine:263 - oldGeneratedFile, /Users/mathisvalencia/Documents/µP/IDE-STM32/TP06/Core/Inc/main.h_save
2025-04-16 10:38:18,082 [INFO] CodeEngine:287 - Generated code: /Users/mathisvalencia/Documents/µP/IDE-STM32/TP06/Core/Inc/main.h
2025-04-16 10:38:18,085 [INFO] CodeEngine:263 - oldGeneratedFile, /Users/mathisvalencia/Documents/µP/IDE-STM32/TP06/Core/Src/main.c_save
2025-04-16 10:38:18,263 [INFO] CodeEngine:287 - Generated code: /Users/mathisvalencia/Documents/µP/IDE-STM32/TP06/Core/Src/main.c
2025-04-16 10:38:18,480 [INFO] ProjectBuilder:3324 - Time for Copy HAL[1] : 65mS.
2025-04-16 10:38:18,484 [INFO] ProjectBuilder:4912 - Project Generator version: 4.6.0-B36
2025-04-16 10:38:18,583 [INFO] ConfigFileManager:1590 - The Die is : DIE437
2025-04-16 10:38:20,655 [INFO] ProjectBuilder:5191 - Time for Generating toolchain IDE Files: 2169mS.
2025-04-16 10:38:20,657 [INFO] ProjectBuilder:3181 - Time for Copy CMSIS : 1mS.
2025-04-16 10:38:20,659 [INFO] ProjectBuilder:3181 - Time for Copy CMSIS : 0mS.
2025-04-16 10:39:01,142 [INFO] DmaTabbedPanel:205 - Cannot restore the selected Tab for DMA
2025-04-16 11:29:28,291 [INFO] WebApp:194 - Connection lost
2025-04-16 11:29:33,698 [INFO] WebApp:191 - Connection restablished
2025-04-16 11:52:48,176 [INFO] WebApp:194 - Connection lost
2025-04-16 11:52:52,493 [INFO] WebApp:191 - Connection restablished
2025-04-16 11:57:31,753 [INFO] WebApp:194 - Connection lost
2025-04-16 13:10:18,156 [INFO] WebApp:191 - Connection restablished
